# JRE version: OpenJDK Runtime Environment (11.0.15) (build 11.0.15+0-b2043.56-8887301)
# Java VM: OpenJDK 64-Bit Server VM (11.0.15+0-b2043.56-8887301, mixed mode, tiered, compressed oops, g1 gc, windows-amd64)
Heap:
 garbage-first heap   total 187392K, used 105718K [0x0000000083c00000, 0x0000000100000000)
  region size 1024K, 47 young (48128K), 2 survivors (2048K)
 Metaspace       used 73124K, capacity 73701K, committed 73752K, reserved 1120256K
  class space    used 7941K, capacity 8177K, committed 8216K, reserved 1048576K
GC Heap History (20 events):
Event: 1.122 GC heap before
{Heap before GC invocations=0 (full 0):
 garbage-first heap   total 129024K, used 27648K [0x0000000083c00000, 0x0000000100000000)
  region size 1024K, 24 young (24576K), 0 survivors (0K)
 Metaspace       used 12314K, capacity 12469K, committed 12800K, reserved 1060864K
  class space    used 1140K, capacity 1174K, committed 1280K, reserved 1048576K
}
Event: 1.129 GC heap after
{Heap after GC invocations=1 (full 0):
 garbage-first heap   total 129024K, used 5835K [0x0000000083c00000, 0x0000000100000000)
  region size 1024K, 3 young (3072K), 3 survivors (3072K)
 Metaspace       used 12314K, capacity 12469K, committed 12800K, reserved 1060864K
  class space    used 1140K, capacity 1174K, committed 1280K, reserved 1048576K
}
Event: 2.172 GC heap before
{Heap before GC invocations=1 (full 0):
 garbage-first heap   total 129024K, used 42699K [0x0000000083c00000, 0x0000000100000000)
  region size 1024K, 40 young (40960K), 3 survivors (3072K)
 Metaspace       used 21004K, capacity 21180K, committed 21248K, reserved 1069056K
  class space    used 2189K, capacity 2246K, committed 2304K, reserved 1048576K
}
Event: 2.205 GC heap after
{Heap after GC invocations=2 (full 0):
 garbage-first heap   total 129024K, used 9533K [0x0000000083c00000, 0x0000000100000000)
  region size 1024K, 7 young (7168K), 7 survivors (7168K)
 Metaspace       used 21004K, capacity 21180K, committed 21248K, reserved 1069056K
  class space    used 2189K, capacity 2246K, committed 2304K, reserved 1048576K
}
Event: 3.599 GC heap before
{Heap before GC invocations=3 (full 0):
 garbage-first heap   total 129024K, used 69949K [0x0000000083c00000, 0x0000000100000000)
  region size 1024K, 54 young (55296K), 7 survivors (7168K)
 Metaspace       used 31486K, capacity 31918K, committed 32000K, reserved 1077248K
  class space    used 3880K, capacity 4050K, committed 4096K, reserved 1048576K
}
Event: 3.613 GC heap after
{Heap after GC invocations=4 (full 0):
 garbage-first heap   total 129024K, used 23861K [0x0000000083c00000, 0x0000000100000000)
  region size 1024K, 6 young (6144K), 6 survivors (6144K)
 Metaspace       used 31486K, capacity 31918K, committed 32000K, reserved 1077248K
  class space    used 3880K, capacity 4050K, committed 4096K, reserved 1048576K
}
Event: 4.030 GC heap before
{Heap before GC invocations=4 (full 0):
 garbage-first heap   total 129024K, used 41269K [0x0000000083c00000, 0x0000000100000000)
  region size 1024K, 24 young (24576K), 6 survivors (6144K)
 Metaspace       used 35415K, capacity 35803K, committed 35840K, reserved 1081344K
  class space    used 4312K, capacity 4471K, committed 4480K, reserved 1048576K
}
Event: 4.054 GC heap after
{Heap after GC invocations=5 (full 0):
 garbage-first heap   total 129024K, used 25851K [0x0000000083c00000, 0x0000000100000000)
  region size 1024K, 2 young (2048K), 2 survivors (2048K)
 Metaspace       used 35415K, capacity 35803K, committed 35840K, reserved 1081344K
  class space    used 4312K, capacity 4471K, committed 4480K, reserved 1048576K
}
Event: 5.423 GC heap before
{Heap before GC invocations=6 (full 0):
 garbage-first heap   total 129024K, used 78075K [0x0000000083c00000, 0x0000000100000000)
  region size 1024K, 53 young (54272K), 2 survivors (2048K)
 Metaspace       used 45721K, capacity 46211K, committed 46284K, reserved 1089536K
  class space    used 5359K, capacity 5546K, committed 5580K, reserved 1048576K
}
Event: 5.433 GC heap after
{Heap after GC invocations=7 (full 0):
 garbage-first heap   total 155648K, used 30971K [0x0000000083c00000, 0x0000000100000000)
  region size 1024K, 7 young (7168K), 7 survivors (7168K)
 Metaspace       used 45721K, capacity 46211K, committed 46284K, reserved 1089536K
  class space    used 5359K, capacity 5546K, committed 5580K, reserved 1048576K
}
Event: 6.383 GC heap before
{Heap before GC invocations=7 (full 0):
 garbage-first heap   total 155648K, used 91387K [0x0000000083c00000, 0x0000000100000000)
  region size 1024K, 65 young (66560K), 7 survivors (7168K)
 Metaspace       used 50647K, capacity 51152K, committed 51404K, reserved 1095680K
  class space    used 5814K, capacity 6014K, committed 6092K, reserved 1048576K
}
Event: 6.406 GC heap after
{Heap after GC invocations=8 (full 0):
 garbage-first heap   total 155648K, used 37118K [0x0000000083c00000, 0x0000000100000000)
  region size 1024K, 6 young (6144K), 6 survivors (6144K)
 Metaspace       used 50647K, capacity 51152K, committed 51404K, reserved 1095680K
  class space    used 5814K, capacity 6014K, committed 6092K, reserved 1048576K
}
Event: 7.578 GC heap before
{Heap before GC invocations=8 (full 0):
 garbage-first heap   total 155648K, used 99582K [0x0000000083c00000, 0x0000000100000000)
  region size 1024K, 67 young (68608K), 6 survivors (6144K)
 Metaspace       used 52977K, capacity 53551K, committed 53580K, reserved 1097728K
  class space    used 5989K, capacity 6196K, committed 6220K, reserved 1048576K
}
Event: 7.604 GC heap after
{Heap after GC invocations=9 (full 0):
 garbage-first heap   total 155648K, used 45056K [0x0000000083c00000, 0x0000000100000000)
  region size 1024K, 8 young (8192K), 8 survivors (8192K)
 Metaspace       used 52977K, capacity 53551K, committed 53580K, reserved 1097728K
  class space    used 5989K, capacity 6196K, committed 6220K, reserved 1048576K
}
Event: 9.137 GC heap before
{Heap before GC invocations=9 (full 0):
 garbage-first heap   total 155648K, used 89088K [0x0000000083c00000, 0x0000000100000000)
  region size 1024K, 51 young (52224K), 8 survivors (8192K)
 Metaspace       used 59591K, capacity 60138K, committed 60236K, reserved 1101824K
  class space    used 6690K, capacity 6920K, committed 6988K, reserved 1048576K
}
Event: 9.165 GC heap after
{Heap after GC invocations=10 (full 0):
 garbage-first heap   total 155648K, used 51120K [0x0000000083c00000, 0x0000000100000000)
  region size 1024K, 6 young (6144K), 6 survivors (6144K)
 Metaspace       used 59591K, capacity 60138K, committed 60236K, reserved 1101824K
  class space    used 6690K, capacity 6920K, committed 6988K, reserved 1048576K
}
Event: 10.164 GC heap before
{Heap before GC invocations=11 (full 0):
 garbage-first heap   total 155648K, used 109488K [0x0000000083c00000, 0x0000000100000000)
  region size 1024K, 63 young (64512K), 6 survivors (6144K)
 Metaspace       used 63186K, capacity 63793K, committed 63896K, reserved 1105920K
  class space    used 7000K, capacity 7242K, committed 7320K, reserved 1048576K
}
Event: 10.190 GC heap after
{Heap after GC invocations=12 (full 0):
 garbage-first heap   total 155648K, used 54741K [0x0000000083c00000, 0x0000000100000000)
  region size 1024K, 4 young (4096K), 4 survivors (4096K)
 Metaspace       used 63186K, capacity 63793K, committed 63896K, reserved 1105920K
  class space    used 7000K, capacity 7242K, committed 7320K, reserved 1048576K
}
Event: 11.320 GC heap before
{Heap before GC invocations=13 (full 0):
 garbage-first heap   total 155648K, used 113109K [0x0000000083c00000, 0x0000000100000000)
  region size 1024K, 61 young (62464K), 4 survivors (4096K)
 Metaspace       used 68880K, capacity 69492K, committed 69656K, reserved 1112064K
  class space    used 7586K, capacity 7819K, committed 7960K, reserved 1048576K
}
Event: 11.342 GC heap after
{Heap after GC invocations=14 (full 0):
 garbage-first heap   total 187392K, used 60124K [0x0000000083c00000, 0x0000000100000000)
  region size 1024K, 8 young (8192K), 8 survivors (8192K)
 Metaspace       used 68880K, capacity 69492K, committed 69656K, reserved 1112064K
  class space    used 7586K, capacity 7819K, committed 7960K, reserved 1048576K
}

