# JRE version: OpenJDK Runtime Environment (11.0.15) (build 11.0.15+0-b2043.56-8887301)
# Java VM: OpenJDK 64-Bit Server VM (11.0.15+0-b2043.56-8887301, mixed mode, tiered, compressed oops, g1 gc, windows-amd64)
Heap:
 garbage-first heap   total 129024K, used 70334K [0x0000000083c00000, 0x0000000100000000)
  region size 1024K, 46 young (47104K), 6 survivors (6144K)
 Metaspace       used 47132K, capacity 47633K, committed 47692K, reserved 1091584K
  class space    used 5474K, capacity 5677K, committed 5708K, reserved 1048576K
GC Heap History (10 events):
Event: 0.979 GC heap before
{Heap before GC invocations=0 (full 0):
 garbage-first heap   total 129024K, used 27648K [0x0000000083c00000, 0x0000000100000000)
  region size 1024K, 24 young (24576K), 0 survivors (0K)
 Metaspace       used 12315K, capacity 12469K, committed 12800K, reserved 1060864K
  class space    used 1140K, capacity 1174K, committed 1280K, reserved 1048576K
}
Event: 0.982 GC heap after
{Heap after GC invocations=1 (full 0):
 garbage-first heap   total 129024K, used 5763K [0x0000000083c00000, 0x0000000100000000)
  region size 1024K, 3 young (3072K), 3 survivors (3072K)
 Metaspace       used 12315K, capacity 12469K, committed 12800K, reserved 1060864K
  class space    used 1140K, capacity 1174K, committed 1280K, reserved 1048576K
}
Event: 1.578 GC heap before
{Heap before GC invocations=1 (full 0):
 garbage-first heap   total 129024K, used 42627K [0x0000000083c00000, 0x0000000100000000)
  region size 1024K, 40 young (40960K), 3 survivors (3072K)
 Metaspace       used 21014K, capacity 21180K, committed 21248K, reserved 1069056K
  class space    used 2198K, capacity 2246K, committed 2304K, reserved 1048576K
}
Event: 1.588 GC heap after
{Heap after GC invocations=2 (full 0):
 garbage-first heap   total 129024K, used 9544K [0x0000000083c00000, 0x0000000100000000)
  region size 1024K, 7 young (7168K), 7 survivors (7168K)
 Metaspace       used 21014K, capacity 21180K, committed 21248K, reserved 1069056K
  class space    used 2198K, capacity 2246K, committed 2304K, reserved 1048576K
}
Event: 2.459 GC heap before
{Heap before GC invocations=3 (full 0):
 garbage-first heap   total 129024K, used 73032K [0x0000000083c00000, 0x0000000100000000)
  region size 1024K, 57 young (58368K), 7 survivors (7168K)
 Metaspace       used 32212K, capacity 32654K, committed 32896K, reserved 1077248K
  class space    used 3979K, capacity 4146K, committed 4224K, reserved 1048576K
}
Event: 2.474 GC heap after
{Heap after GC invocations=4 (full 0):
 garbage-first heap   total 129024K, used 23612K [0x0000000083c00000, 0x0000000100000000)
  region size 1024K, 8 young (8192K), 8 survivors (8192K)
 Metaspace       used 32212K, capacity 32654K, committed 32896K, reserved 1077248K
  class space    used 3979K, capacity 4146K, committed 4224K, reserved 1048576K
}
Event: 2.715 GC heap before
{Heap before GC invocations=4 (full 0):
 garbage-first heap   total 129024K, used 37948K [0x0000000083c00000, 0x0000000100000000)
  region size 1024K, 23 young (23552K), 8 survivors (8192K)
 Metaspace       used 35400K, capacity 35803K, committed 35840K, reserved 1081344K
  class space    used 4314K, capacity 4471K, committed 4480K, reserved 1048576K
}
Event: 2.738 GC heap after
{Heap after GC invocations=5 (full 0):
 garbage-first heap   total 129024K, used 25658K [0x0000000083c00000, 0x0000000100000000)
  region size 1024K, 2 young (2048K), 2 survivors (2048K)
 Metaspace       used 35400K, capacity 35803K, committed 35840K, reserved 1081344K
  class space    used 4314K, capacity 4471K, committed 4480K, reserved 1048576K
}
Event: 3.522 GC heap before
{Heap before GC invocations=6 (full 0):
 garbage-first heap   total 129024K, used 70714K [0x0000000083c00000, 0x0000000100000000)
  region size 1024K, 46 young (47104K), 2 survivors (2048K)
 Metaspace       used 45145K, capacity 45601K, committed 45772K, reserved 1089536K
  class space    used 5317K, capacity 5514K, committed 5580K, reserved 1048576K
}
Event: 3.529 GC heap after
{Heap after GC invocations=7 (full 0):
 garbage-first heap   total 129024K, used 29374K [0x0000000083c00000, 0x0000000100000000)
  region size 1024K, 6 young (6144K), 6 survivors (6144K)
 Metaspace       used 45145K, capacity 45601K, committed 45772K, reserved 1089536K
  class space    used 5317K, capacity 5514K, committed 5580K, reserved 1048576K
}

