# JRE version: OpenJDK Runtime Environment (11.0.15) (build 11.0.15+0-b2043.56-8887301)
# Java VM: OpenJDK 64-Bit Server VM (11.0.15+0-b2043.56-8887301, mixed mode, tiered, compressed oops, g1 gc, windows-amd64)
Heap:
 garbage-first heap   total 164864K, used 71148K [0x0000000083c00000, 0x0000000100000000)
  region size 1024K, 22 young (22528K), 1 survivors (1024K)
 Metaspace       used 62194K, capacity 62832K, committed 63128K, reserved 1105920K
  class space    used 6958K, capacity 7178K, committed 7320K, reserved 1048576K
GC Heap History (18 events):
Event: 0.776 GC heap before
{Heap before GC invocations=0 (full 0):
 garbage-first heap   total 129024K, used 27648K [0x0000000083c00000, 0x0000000100000000)
  region size 1024K, 24 young (24576K), 0 survivors (0K)
 Metaspace       used 12311K, capacity 12405K, committed 12544K, reserved 1060864K
  class space    used 1140K, capacity 1174K, committed 1280K, reserved 1048576K
}
Event: 0.780 GC heap after
{Heap after GC invocations=1 (full 0):
 garbage-first heap   total 129024K, used 5735K [0x0000000083c00000, 0x0000000100000000)
  region size 1024K, 3 young (3072K), 3 survivors (3072K)
 Metaspace       used 12311K, capacity 12405K, committed 12544K, reserved 1060864K
  class space    used 1140K, capacity 1174K, committed 1280K, reserved 1048576K
}
Event: 1.562 GC heap before
{Heap before GC invocations=1 (full 0):
 garbage-first heap   total 129024K, used 42599K [0x0000000083c00000, 0x0000000100000000)
  region size 1024K, 40 young (40960K), 3 survivors (3072K)
 Metaspace       used 21069K, capacity 21212K, committed 21248K, reserved 1069056K
  class space    used 2206K, capacity 2278K, committed 2304K, reserved 1048576K
}
Event: 1.573 GC heap after
{Heap after GC invocations=2 (full 0):
 garbage-first heap   total 129024K, used 9549K [0x0000000083c00000, 0x0000000100000000)
  region size 1024K, 7 young (7168K), 7 survivors (7168K)
 Metaspace       used 21069K, capacity 21212K, committed 21248K, reserved 1069056K
  class space    used 2206K, capacity 2278K, committed 2304K, reserved 1048576K
}
Event: 2.744 GC heap before
{Heap before GC invocations=3 (full 0):
 garbage-first heap   total 129024K, used 73037K [0x0000000083c00000, 0x0000000100000000)
  region size 1024K, 57 young (58368K), 7 survivors (7168K)
 Metaspace       used 32308K, capacity 32718K, committed 32896K, reserved 1077248K
  class space    used 3981K, capacity 4146K, committed 4224K, reserved 1048576K
}
Event: 2.776 GC heap after
{Heap after GC invocations=4 (full 0):
 garbage-first heap   total 129024K, used 23370K [0x0000000083c00000, 0x0000000100000000)
  region size 1024K, 8 young (8192K), 8 survivors (8192K)
 Metaspace       used 32308K, capacity 32718K, committed 32896K, reserved 1077248K
  class space    used 3981K, capacity 4146K, committed 4224K, reserved 1048576K
}
Event: 3.107 GC heap before
{Heap before GC invocations=4 (full 0):
 garbage-first heap   total 129024K, used 36682K [0x0000000083c00000, 0x0000000100000000)
  region size 1024K, 22 young (22528K), 8 survivors (8192K)
 Metaspace       used 35391K, capacity 35803K, committed 35840K, reserved 1081344K
  class space    used 4312K, capacity 4471K, committed 4480K, reserved 1048576K
}
Event: 3.135 GC heap after
{Heap after GC invocations=5 (full 0):
 garbage-first heap   total 129024K, used 25404K [0x0000000083c00000, 0x0000000100000000)
  region size 1024K, 2 young (2048K), 2 survivors (2048K)
 Metaspace       used 35391K, capacity 35803K, committed 35840K, reserved 1081344K
  class space    used 4312K, capacity 4471K, committed 4480K, reserved 1048576K
}
Event: 3.967 GC heap before
{Heap before GC invocations=6 (full 0):
 garbage-first heap   total 129024K, used 70460K [0x0000000083c00000, 0x0000000100000000)
  region size 1024K, 46 young (47104K), 2 survivors (2048K)
 Metaspace       used 45212K, capacity 45667K, committed 45772K, reserved 1089536K
  class space    used 5318K, capacity 5514K, committed 5580K, reserved 1048576K
}
Event: 3.975 GC heap after
{Heap after GC invocations=7 (full 0):
 garbage-first heap   total 129024K, used 28861K [0x0000000083c00000, 0x0000000100000000)
  region size 1024K, 6 young (6144K), 6 survivors (6144K)
 Metaspace       used 45212K, capacity 45667K, committed 45772K, reserved 1089536K
  class space    used 5318K, capacity 5514K, committed 5580K, reserved 1048576K
}
Event: 4.622 GC heap before
{Heap before GC invocations=7 (full 0):
 garbage-first heap   total 129024K, used 75965K [0x0000000083c00000, 0x0000000100000000)
  region size 1024K, 51 young (52224K), 6 survivors (6144K)
 Metaspace       used 48410K, capacity 48954K, committed 49228K, reserved 1093632K
  class space    used 5621K, capacity 5840K, committed 5964K, reserved 1048576K
}
Event: 4.641 GC heap after
{Heap after GC invocations=8 (full 0):
 garbage-first heap   total 164864K, used 33912K [0x0000000083c00000, 0x0000000100000000)
  region size 1024K, 5 young (5120K), 5 survivors (5120K)
 Metaspace       used 48410K, capacity 48954K, committed 49228K, reserved 1093632K
  class space    used 5621K, capacity 5840K, committed 5964K, reserved 1048576K
}
Event: 6.103 GC heap before
{Heap before GC invocations=8 (full 0):
 garbage-first heap   total 164864K, used 94328K [0x0000000083c00000, 0x0000000100000000)
  region size 1024K, 64 young (65536K), 5 survivors (5120K)
 Metaspace       used 51921K, capacity 52458K, committed 52812K, reserved 1095680K
  class space    used 5862K, capacity 6087K, committed 6220K, reserved 1048576K
}
Event: 6.130 GC heap after
{Heap after GC invocations=9 (full 0):
 garbage-first heap   total 164864K, used 43008K [0x0000000083c00000, 0x0000000100000000)
  region size 1024K, 8 young (8192K), 8 survivors (8192K)
 Metaspace       used 51921K, capacity 52458K, committed 52812K, reserved 1095680K
  class space    used 5862K, capacity 6087K, committed 6220K, reserved 1048576K
}
Event: 7.793 GC heap before
{Heap before GC invocations=9 (full 0):
 garbage-first heap   total 164864K, used 104448K [0x0000000083c00000, 0x0000000100000000)
  region size 1024K, 67 young (68608K), 8 survivors (8192K)
 Metaspace       used 58199K, capacity 58758K, committed 59084K, reserved 1101824K
  class space    used 6529K, capacity 6759K, committed 6860K, reserved 1048576K
}
Event: 7.831 GC heap after
{Heap after GC invocations=10 (full 0):
 garbage-first heap   total 164864K, used 49983K [0x0000000083c00000, 0x0000000100000000)
  region size 1024K, 7 young (7168K), 7 survivors (7168K)
 Metaspace       used 58199K, capacity 58758K, committed 59084K, reserved 1101824K
  class space    used 6529K, capacity 6759K, committed 6860K, reserved 1048576K
}
Event: 7.949 GC heap before
{Heap before GC invocations=10 (full 0):
 garbage-first heap   total 164864K, used 55103K [0x0000000083c00000, 0x0000000100000000)
  region size 1024K, 13 young (13312K), 7 survivors (7168K)
 Metaspace       used 59592K, capacity 60137K, committed 60236K, reserved 1101824K
  class space    used 6688K, capacity 6920K, committed 6988K, reserved 1048576K
}
Event: 7.961 GC heap after
{Heap after GC invocations=11 (full 0):
 garbage-first heap   total 164864K, used 50668K [0x0000000083c00000, 0x0000000100000000)
  region size 1024K, 1 young (1024K), 1 survivors (1024K)
 Metaspace       used 59592K, capacity 60137K, committed 60236K, reserved 1101824K
  class space    used 6688K, capacity 6920K, committed 6988K, reserved 1048576K
}

