# JRE version: OpenJDK Runtime Environment (11.0.15) (build 11.0.15+0-b2043.56-8887301)
# Java VM: OpenJDK 64-Bit Server VM (11.0.15+0-b2043.56-8887301, mixed mode, tiered, compressed oops, g1 gc, windows-amd64)
Heap:
 garbage-first heap   total 389120K, used 276946K [0x0000000080000000, 0x0000000100000000)
  region size 1024K, 76 young (77824K), 11 survivors (11264K)
 Metaspace       used 114235K, capacity 117480K, committed 117596K, reserved 1150976K
  class space    used 14300K, capacity 15443K, committed 15552K, reserved 1048576K
GC Heap History (20 events):
Event: 574.285 GC heap before
{Heap before GC invocations=45 (full 0):
 garbage-first heap   total 199680K, used 196561K [0x0000000080000000, 0x0000000100000000)
  region size 1024K, 9 young (9216K), 1 survivors (1024K)
 Metaspace       used 94968K, capacity 97588K, committed 97756K, reserved 1134592K
  class space    used 12123K, capacity 13065K, committed 13120K, reserved 1048576K
}
Event: 574.289 GC heap after
{Heap after GC invocations=46 (full 0):
 garbage-first heap   total 199680K, used 189451K [0x0000000080000000, 0x0000000100000000)
  region size 1024K, 1 young (1024K), 1 survivors (1024K)
 Metaspace       used 94968K, capacity 97588K, committed 97756K, reserved 1134592K
  class space    used 12123K, capacity 13065K, committed 13120K, reserved 1048576K
}
Event: 574.315 GC heap before
{Heap before GC invocations=46 (full 0):
 garbage-first heap   total 199680K, used 197643K [0x0000000080000000, 0x0000000100000000)
  region size 1024K, 9 young (9216K), 1 survivors (1024K)
 Metaspace       used 95164K, capacity 97876K, committed 98012K, reserved 1134592K
  class space    used 12152K, capacity 13097K, committed 13120K, reserved 1048576K
}
Event: 574.319 GC heap after
{Heap after GC invocations=47 (full 0):
 garbage-first heap   total 199680K, used 189127K [0x0000000080000000, 0x0000000100000000)
  region size 1024K, 1 young (1024K), 1 survivors (1024K)
 Metaspace       used 95164K, capacity 97876K, committed 98012K, reserved 1134592K
  class space    used 12152K, capacity 13097K, committed 13120K, reserved 1048576K
}
Event: 574.352 GC heap before
{Heap before GC invocations=47 (full 0):
 garbage-first heap   total 199680K, used 197319K [0x0000000080000000, 0x0000000100000000)
  region size 1024K, 9 young (9216K), 1 survivors (1024K)
 Metaspace       used 95365K, capacity 98004K, committed 98268K, reserved 1134592K
  class space    used 12177K, capacity 13097K, committed 13120K, reserved 1048576K
}
Event: 574.359 GC heap after
{Heap after GC invocations=48 (full 0):
 garbage-first heap   total 239616K, used 189460K [0x0000000080000000, 0x0000000100000000)
  region size 1024K, 2 young (2048K), 2 survivors (2048K)
 Metaspace       used 95365K, capacity 98004K, committed 98268K, reserved 1134592K
  class space    used 12177K, capacity 13097K, committed 13120K, reserved 1048576K
}
Event: 574.463 GC heap before
{Heap before GC invocations=48 (full 0):
 garbage-first heap   total 239616K, used 202772K [0x0000000080000000, 0x0000000100000000)
  region size 1024K, 16 young (16384K), 2 survivors (2048K)
 Metaspace       used 95620K, capacity 98310K, committed 98396K, reserved 1134592K
  class space    used 12222K, capacity 13176K, committed 13248K, reserved 1048576K
}
Event: 574.466 GC heap after
{Heap after GC invocations=49 (full 0):
 garbage-first heap   total 239616K, used 190109K [0x0000000080000000, 0x0000000100000000)
  region size 1024K, 2 young (2048K), 2 survivors (2048K)
 Metaspace       used 95620K, capacity 98310K, committed 98396K, reserved 1134592K
  class space    used 12222K, capacity 13176K, committed 13248K, reserved 1048576K
}
Event: 574.695 GC heap before
{Heap before GC invocations=50 (full 0):
 garbage-first heap   total 239616K, used 204445K [0x0000000080000000, 0x0000000100000000)
  region size 1024K, 16 young (16384K), 2 survivors (2048K)
 Metaspace       used 96412K, capacity 99120K, committed 99292K, reserved 1134592K
  class space    used 12332K, capacity 13275K, committed 13376K, reserved 1048576K
}
Event: 574.701 GC heap after
{Heap after GC invocations=51 (full 0):
 garbage-first heap   total 239616K, used 190755K [0x0000000080000000, 0x0000000100000000)
  region size 1024K, 2 young (2048K), 2 survivors (2048K)
 Metaspace       used 96412K, capacity 99120K, committed 99292K, reserved 1134592K
  class space    used 12332K, capacity 13275K, committed 13376K, reserved 1048576K
}
Event: 574.768 GC heap before
{Heap before GC invocations=51 (full 0):
 garbage-first heap   total 239616K, used 205091K [0x0000000080000000, 0x0000000100000000)
  region size 1024K, 16 young (16384K), 2 survivors (2048K)
 Metaspace       used 97560K, capacity 100272K, committed 100316K, reserved 1136640K
  class space    used 12391K, capacity 13339K, committed 13376K, reserved 1048576K
}
Event: 574.772 GC heap after
{Heap after GC invocations=52 (full 0):
 garbage-first heap   total 239616K, used 191845K [0x0000000080000000, 0x0000000100000000)
  region size 1024K, 1 young (1024K), 1 survivors (1024K)
 Metaspace       used 97560K, capacity 100272K, committed 100316K, reserved 1136640K
  class space    used 12391K, capacity 13339K, committed 13376K, reserved 1048576K
}
Event: 574.834 GC heap before
{Heap before GC invocations=52 (full 0):
 garbage-first heap   total 239616K, used 207205K [0x0000000080000000, 0x0000000100000000)
  region size 1024K, 16 young (16384K), 1 survivors (1024K)
 Metaspace       used 98285K, capacity 100976K, committed 101212K, reserved 1136640K
  class space    used 12468K, capacity 13403K, committed 13504K, reserved 1048576K
}
Event: 574.842 GC heap after
{Heap after GC invocations=53 (full 0):
 garbage-first heap   total 389120K, used 190749K [0x0000000080000000, 0x0000000100000000)
  region size 1024K, 1 young (1024K), 1 survivors (1024K)
 Metaspace       used 98285K, capacity 100976K, committed 101212K, reserved 1136640K
  class space    used 12468K, capacity 13403K, committed 13504K, reserved 1048576K
}
Event: 576.040 GC heap before
{Heap before GC invocations=53 (full 0):
 garbage-first heap   total 389120K, used 268573K [0x0000000080000000, 0x0000000100000000)
  region size 1024K, 77 young (78848K), 1 survivors (1024K)
 Metaspace       used 102269K, capacity 105035K, committed 105180K, reserved 1140736K
  class space    used 12917K, capacity 13888K, committed 13888K, reserved 1048576K
}
Event: 576.048 GC heap after
{Heap after GC invocations=54 (full 0):
 garbage-first heap   total 389120K, used 194453K [0x0000000080000000, 0x0000000100000000)
  region size 1024K, 5 young (5120K), 5 survivors (5120K)
 Metaspace       used 102269K, capacity 105035K, committed 105180K, reserved 1140736K
  class space    used 12917K, capacity 13888K, committed 13888K, reserved 1048576K
}
Event: 589.740 GC heap before
{Heap before GC invocations=54 (full 0):
 garbage-first heap   total 389120K, used 275349K [0x0000000080000000, 0x0000000100000000)
  region size 1024K, 84 young (86016K), 5 survivors (5120K)
 Metaspace       used 107008K, capacity 110037K, committed 110300K, reserved 1144832K
  class space    used 13564K, capacity 14632K, committed 14656K, reserved 1048576K
}
Event: 589.757 GC heap after
{Heap after GC invocations=55 (full 0):
 garbage-first heap   total 389120K, used 200109K [0x0000000080000000, 0x0000000100000000)
  region size 1024K, 10 young (10240K), 10 survivors (10240K)
 Metaspace       used 107008K, capacity 110037K, committed 110300K, reserved 1144832K
  class space    used 13564K, capacity 14632K, committed 14656K, reserved 1048576K
}
Event: 592.324 GC heap before
{Heap before GC invocations=55 (full 0):
 garbage-first heap   total 389120K, used 303533K [0x0000000080000000, 0x0000000100000000)
  region size 1024K, 95 young (97280K), 10 survivors (10240K)
 Metaspace       used 111145K, capacity 114309K, committed 114652K, reserved 1148928K
  class space    used 13939K, capacity 15072K, committed 15168K, reserved 1048576K
}
Event: 592.344 GC heap after
{Heap after GC invocations=56 (full 0):
 garbage-first heap   total 389120K, used 205266K [0x0000000080000000, 0x0000000100000000)
  region size 1024K, 11 young (11264K), 11 survivors (11264K)
 Metaspace       used 111145K, capacity 114309K, committed 114652K, reserved 1148928K
  class space    used 13939K, capacity 15072K, committed 15168K, reserved 1048576K
}

