# JRE version: OpenJDK Runtime Environment (11.0.15) (build 11.0.15+0-b2043.56-8887301)
# Java VM: OpenJDK 64-Bit Server VM (11.0.15+0-b2043.56-8887301, mixed mode, tiered, compressed oops, g1 gc, windows-amd64)
Heap:
 garbage-first heap   total 566272K, used 183842K [0x0000000080000000, 0x0000000100000000)
  region size 1024K, 20 young (20480K), 20 survivors (20480K)
 Metaspace       used 102864K, capacity 105846K, committed 105948K, reserved 1140736K
  class space    used 13249K, capacity 14389K, committed 14400K, reserved 1048576K
GC Heap History (20 events):
Event: 18.331 GC heap after
{Heap after GC invocations=39 (full 0):
 garbage-first heap   total 398336K, used 162401K [0x0000000080000000, 0x0000000100000000)
  region size 1024K, 2 young (2048K), 2 survivors (2048K)
 Metaspace       used 99445K, capacity 102219K, committed 102236K, reserved 1138688K
  class space    used 12971K, capacity 13999K, committed 14016K, reserved 1048576K
}
Event: 18.804 GC heap before
{Heap before GC invocations=39 (full 0):
 garbage-first heap   total 398336K, used 258657K [0x0000000080000000, 0x0000000100000000)
  region size 1024K, 96 young (98304K), 2 survivors (2048K)
 Metaspace       used 99765K, capacity 102531K, committed 102876K, reserved 1138688K
  class space    used 12982K, capacity 14037K, committed 14144K, reserved 1048576K
}
Event: 18.810 GC heap after
{Heap after GC invocations=40 (full 0):
 garbage-first heap   total 398336K, used 163964K [0x0000000080000000, 0x0000000100000000)
  region size 1024K, 3 young (3072K), 3 survivors (3072K)
 Metaspace       used 99765K, capacity 102531K, committed 102876K, reserved 1138688K
  class space    used 12982K, capacity 14037K, committed 14144K, reserved 1048576K
}
Event: 19.427 GC heap before
{Heap before GC invocations=40 (full 0):
 garbage-first heap   total 398336K, used 271484K [0x0000000080000000, 0x0000000100000000)
  region size 1024K, 108 young (110592K), 3 survivors (3072K)
 Metaspace       used 99920K, capacity 102668K, committed 102876K, reserved 1138688K
  class space    used 12994K, capacity 14040K, committed 14144K, reserved 1048576K
}
Event: 19.433 GC heap after
{Heap after GC invocations=41 (full 0):
 garbage-first heap   total 398336K, used 164667K [0x0000000080000000, 0x0000000100000000)
  region size 1024K, 4 young (4096K), 4 survivors (4096K)
 Metaspace       used 99920K, capacity 102668K, committed 102876K, reserved 1138688K
  class space    used 12994K, capacity 14040K, committed 14144K, reserved 1048576K
}
Event: 19.991 GC heap before
{Heap before GC invocations=41 (full 0):
 garbage-first heap   total 398336K, used 279355K [0x0000000080000000, 0x0000000100000000)
  region size 1024K, 117 young (119808K), 4 survivors (4096K)
 Metaspace       used 100492K, capacity 103275K, committed 103388K, reserved 1138688K
  class space    used 13038K, capacity 14090K, committed 14144K, reserved 1048576K
}
Event: 20.001 GC heap after
{Heap after GC invocations=42 (full 0):
 garbage-first heap   total 398336K, used 165974K [0x0000000080000000, 0x0000000100000000)
  region size 1024K, 5 young (5120K), 5 survivors (5120K)
 Metaspace       used 100492K, capacity 103275K, committed 103388K, reserved 1138688K
  class space    used 13038K, capacity 14090K, committed 14144K, reserved 1048576K
}
Event: 20.302 GC heap before
{Heap before GC invocations=42 (full 0):
 garbage-first heap   total 398336K, used 291926K [0x0000000080000000, 0x0000000100000000)
  region size 1024K, 128 young (131072K), 5 survivors (5120K)
 Metaspace       used 100796K, capacity 103602K, committed 103900K, reserved 1138688K
  class space    used 13043K, capacity 14091K, committed 14144K, reserved 1048576K
}
Event: 20.313 GC heap after
{Heap after GC invocations=43 (full 0):
 garbage-first heap   total 501760K, used 167373K [0x0000000080000000, 0x0000000100000000)
  region size 1024K, 7 young (7168K), 7 survivors (7168K)
 Metaspace       used 100796K, capacity 103602K, committed 103900K, reserved 1138688K
  class space    used 13043K, capacity 14091K, committed 14144K, reserved 1048576K
}
Event: 20.601 GC heap before
{Heap before GC invocations=43 (full 0):
 garbage-first heap   total 501760K, used 329165K [0x0000000080000000, 0x0000000100000000)
  region size 1024K, 165 young (168960K), 7 survivors (7168K)
 Metaspace       used 100983K, capacity 103775K, committed 103900K, reserved 1138688K
  class space    used 13048K, capacity 14099K, committed 14144K, reserved 1048576K
}
Event: 20.610 GC heap after
{Heap after GC invocations=44 (full 0):
 garbage-first heap   total 501760K, used 169509K [0x0000000080000000, 0x0000000100000000)
  region size 1024K, 9 young (9216K), 9 survivors (9216K)
 Metaspace       used 100983K, capacity 103775K, committed 103900K, reserved 1138688K
  class space    used 13048K, capacity 14099K, committed 14144K, reserved 1048576K
}
Event: 20.986 GC heap before
{Heap before GC invocations=44 (full 0):
 garbage-first heap   total 501760K, used 386597K [0x0000000080000000, 0x0000000100000000)
  region size 1024K, 221 young (226304K), 9 survivors (9216K)
 Metaspace       used 102342K, capacity 105277K, committed 105436K, reserved 1140736K
  class space    used 13206K, capacity 14334K, committed 14400K, reserved 1048576K
}
Event: 20.999 GC heap after
{Heap after GC invocations=45 (full 0):
 garbage-first heap   total 501760K, used 172843K [0x0000000080000000, 0x0000000100000000)
  region size 1024K, 12 young (12288K), 12 survivors (12288K)
 Metaspace       used 102342K, capacity 105277K, committed 105436K, reserved 1140736K
  class space    used 13206K, capacity 14334K, committed 14400K, reserved 1048576K
}
Event: 21.425 GC heap before
{Heap before GC invocations=45 (full 0):
 garbage-first heap   total 501760K, used 412459K [0x0000000080000000, 0x0000000100000000)
  region size 1024K, 246 young (251904K), 12 survivors (12288K)
 Metaspace       used 102725K, capacity 105689K, committed 105948K, reserved 1140736K
  class space    used 13243K, capacity 14381K, committed 14400K, reserved 1048576K
}
Event: 21.447 GC heap after
{Heap after GC invocations=46 (full 0):
 garbage-first heap   total 501760K, used 174459K [0x0000000080000000, 0x0000000100000000)
  region size 1024K, 14 young (14336K), 14 survivors (14336K)
 Metaspace       used 102725K, capacity 105689K, committed 105948K, reserved 1140736K
  class space    used 13243K, capacity 14381K, committed 14400K, reserved 1048576K
}
Event: 22.198 GC heap before
{Heap before GC invocations=46 (full 0):
 garbage-first heap   total 501760K, used 422267K [0x0000000080000000, 0x0000000100000000)
  region size 1024K, 256 young (262144K), 14 survivors (14336K)
 Metaspace       used 102782K, capacity 105778K, committed 105948K, reserved 1140736K
  class space    used 13249K, capacity 14389K, committed 14400K, reserved 1048576K
}
Event: 22.218 GC heap after
{Heap after GC invocations=47 (full 0):
 garbage-first heap   total 501760K, used 177276K [0x0000000080000000, 0x0000000100000000)
  region size 1024K, 16 young (16384K), 16 survivors (16384K)
 Metaspace       used 102782K, capacity 105778K, committed 105948K, reserved 1140736K
  class space    used 13249K, capacity 14389K, committed 14400K, reserved 1048576K
}
Event: 22.629 GC heap before
{Heap before GC invocations=47 (full 0):
 garbage-first heap   total 501760K, used 428156K [0x0000000080000000, 0x0000000100000000)
  region size 1024K, 261 young (267264K), 16 survivors (16384K)
 Metaspace       used 102850K, capacity 105846K, committed 105948K, reserved 1140736K
  class space    used 13249K, capacity 14389K, committed 14400K, reserved 1048576K
}
Event: 22.651 GC heap after
{Heap after GC invocations=48 (full 0):
 garbage-first heap   total 501760K, used 180348K [0x0000000080000000, 0x0000000100000000)
  region size 1024K, 19 young (19456K), 19 survivors (19456K)
 Metaspace       used 102850K, capacity 105846K, committed 105948K, reserved 1140736K
  class space    used 13249K, capacity 14389K, committed 14400K, reserved 1048576K
}
Event: 23.003 GC heap before
{Heap before GC invocations=48 (full 0):
 garbage-first heap   total 501760K, used 430204K [0x0000000080000000, 0x0000000100000000)
  region size 1024K, 263 young (269312K), 19 survivors (19456K)
 Metaspace       used 102864K, capacity 105846K, committed 105948K, reserved 1140736K
  class space    used 13249K, capacity 14389K, committed 14400K, reserved 1048576K
}

