# JRE version: OpenJDK Runtime Environment (11.0.15) (build 11.0.15+0-b2043.56-8887301)
# Java VM: OpenJDK 64-Bit Server VM (11.0.15+0-b2043.56-8887301, mixed mode, tiered, compressed oops, g1 gc, windows-amd64)
Heap:
 garbage-first heap   total 617472K, used 177376K [0x0000000080000000, 0x0000000100000000)
  region size 1024K, 18 young (18432K), 18 survivors (18432K)
 Metaspace       used 101817K, capacity 104634K, committed 105764K, reserved 1140736K
  class space    used 13017K, capacity 14035K, committed 14592K, reserved 1048576K
GC Heap History (20 events):
Event: 20.254 GC heap after
{Heap after GC invocations=40 (full 0):
 garbage-first heap   total 270336K, used 130063K [0x0000000080000000, 0x0000000100000000)
  region size 1024K, 9 young (9216K), 9 survivors (9216K)
 Metaspace       used 100703K, capacity 103470K, committed 104612K, reserved 1140736K
  class space    used 12969K, capacity 13952K, committed 14464K, reserved 1048576K
}
Event: 20.498 GC heap before
{Heap before GC invocations=40 (full 0):
 garbage-first heap   total 270336K, used 224271K [0x0000000080000000, 0x0000000100000000)
  region size 1024K, 101 young (103424K), 9 survivors (9216K)
 Metaspace       used 100732K, capacity 103495K, committed 104612K, reserved 1140736K
  class space    used 12973K, capacity 13959K, committed 14464K, reserved 1048576K
}
Event: 20.532 GC heap after
{Heap after GC invocations=41 (full 0):
 garbage-first heap   total 270336K, used 134009K [0x0000000080000000, 0x0000000100000000)
  region size 1024K, 10 young (10240K), 10 survivors (10240K)
 Metaspace       used 100732K, capacity 103495K, committed 104612K, reserved 1140736K
  class space    used 12973K, capacity 13959K, committed 14464K, reserved 1048576K
}
Event: 20.939 GC heap before
{Heap before GC invocations=42 (full 0):
 garbage-first heap   total 270336K, used 226169K [0x0000000080000000, 0x0000000100000000)
  region size 1024K, 99 young (101376K), 10 survivors (10240K)
 Metaspace       used 100983K, capacity 103724K, committed 104868K, reserved 1140736K
  class space    used 12973K, capacity 13960K, committed 14464K, reserved 1048576K
}
Event: 20.956 GC heap after
{Heap after GC invocations=43 (full 0):
 garbage-first heap   total 361472K, used 140459K [0x0000000080000000, 0x0000000100000000)
  region size 1024K, 12 young (12288K), 12 survivors (12288K)
 Metaspace       used 100983K, capacity 103724K, committed 104868K, reserved 1140736K
  class space    used 12973K, capacity 13960K, committed 14464K, reserved 1048576K
}
Event: 20.969 GC heap before
{Heap before GC invocations=43 (full 0):
 garbage-first heap   total 361472K, used 145579K [0x0000000080000000, 0x0000000100000000)
  region size 1024K, 17 young (17408K), 12 survivors (12288K)
 Metaspace       used 100993K, capacity 103725K, committed 104868K, reserved 1140736K
  class space    used 12973K, capacity 13960K, committed 14464K, reserved 1048576K
}
Event: 20.978 GC heap after
{Heap after GC invocations=44 (full 0):
 garbage-first heap   total 361472K, used 141117K [0x0000000080000000, 0x0000000100000000)
  region size 1024K, 3 young (3072K), 3 survivors (3072K)
 Metaspace       used 100993K, capacity 103725K, committed 104868K, reserved 1140736K
  class space    used 12973K, capacity 13960K, committed 14464K, reserved 1048576K
}
Event: 21.677 GC heap before
{Heap before GC invocations=44 (full 0):
 garbage-first heap   total 361472K, used 282429K [0x0000000080000000, 0x0000000100000000)
  region size 1024K, 142 young (145408K), 3 survivors (3072K)
 Metaspace       used 101269K, capacity 103986K, committed 105124K, reserved 1140736K
  class space    used 12996K, capacity 13994K, committed 14464K, reserved 1048576K
}
Event: 21.691 GC heap after
{Heap after GC invocations=45 (full 0):
 garbage-first heap   total 361472K, used 147734K [0x0000000080000000, 0x0000000100000000)
  region size 1024K, 9 young (9216K), 9 survivors (9216K)
 Metaspace       used 101269K, capacity 103986K, committed 105124K, reserved 1140736K
  class space    used 12996K, capacity 13994K, committed 14464K, reserved 1048576K
}
Event: 21.942 GC heap before
{Heap before GC invocations=45 (full 0):
 garbage-first heap   total 361472K, used 291094K [0x0000000080000000, 0x0000000100000000)
  region size 1024K, 149 young (152576K), 9 survivors (9216K)
 Metaspace       used 101377K, capacity 104063K, committed 105124K, reserved 1140736K
  class space    used 12999K, capacity 13994K, committed 14464K, reserved 1048576K
}
Event: 21.958 GC heap after
{Heap after GC invocations=46 (full 0):
 garbage-first heap   total 361472K, used 154606K [0x0000000080000000, 0x0000000100000000)
  region size 1024K, 16 young (16384K), 16 survivors (16384K)
 Metaspace       used 101377K, capacity 104063K, committed 105124K, reserved 1140736K
  class space    used 12999K, capacity 13994K, committed 14464K, reserved 1048576K
}
Event: 22.403 GC heap before
{Heap before GC invocations=46 (full 0):
 garbage-first heap   total 361472K, used 295918K [0x0000000080000000, 0x0000000100000000)
  region size 1024K, 154 young (157696K), 16 survivors (16384K)
 Metaspace       used 101471K, capacity 104217K, committed 105380K, reserved 1140736K
  class space    used 13002K, capacity 13999K, committed 14464K, reserved 1048576K
}
Event: 22.442 GC heap after
{Heap after GC invocations=47 (full 0):
 garbage-first heap   total 439296K, used 161714K [0x0000000080000000, 0x0000000100000000)
  region size 1024K, 18 young (18432K), 18 survivors (18432K)
 Metaspace       used 101471K, capacity 104217K, committed 105380K, reserved 1140736K
  class space    used 13002K, capacity 13999K, committed 14464K, reserved 1048576K
}
Event: 22.935 GC heap before
{Heap before GC invocations=47 (full 0):
 garbage-first heap   total 439296K, used 329650K [0x0000000080000000, 0x0000000100000000)
  region size 1024K, 182 young (186368K), 18 survivors (18432K)
 Metaspace       used 101535K, capacity 104285K, committed 105380K, reserved 1140736K
  class space    used 13002K, capacity 13999K, committed 14464K, reserved 1048576K
}
Event: 22.964 GC heap after
{Heap after GC invocations=48 (full 0):
 garbage-first heap   total 439296K, used 169313K [0x0000000080000000, 0x0000000100000000)
  region size 1024K, 16 young (16384K), 16 survivors (16384K)
 Metaspace       used 101535K, capacity 104285K, committed 105380K, reserved 1140736K
  class space    used 13002K, capacity 13999K, committed 14464K, reserved 1048576K
}
Event: 23.266 GC heap before
{Heap before GC invocations=48 (full 0):
 garbage-first heap   total 439296K, used 358753K [0x0000000080000000, 0x0000000100000000)
  region size 1024K, 201 young (205824K), 16 survivors (16384K)
 Metaspace       used 101606K, capacity 104358K, committed 105380K, reserved 1140736K
  class space    used 13015K, capacity 14002K, committed 14464K, reserved 1048576K
}
Event: 23.283 GC heap after
{Heap after GC invocations=49 (full 0):
 garbage-first heap   total 439296K, used 171960K [0x0000000080000000, 0x0000000100000000)
  region size 1024K, 13 young (13312K), 13 survivors (13312K)
 Metaspace       used 101606K, capacity 104358K, committed 105380K, reserved 1140736K
  class space    used 13015K, capacity 14002K, committed 14464K, reserved 1048576K
}
Event: 23.619 GC heap before
{Heap before GC invocations=49 (full 0):
 garbage-first heap   total 439296K, used 367544K [0x0000000080000000, 0x0000000100000000)
  region size 1024K, 203 young (207872K), 13 survivors (13312K)
 Metaspace       used 101795K, capacity 104534K, committed 105636K, reserved 1140736K
  class space    used 13015K, capacity 14002K, committed 14464K, reserved 1048576K
}
Event: 23.636 GC heap after
{Heap after GC invocations=50 (full 0):
 garbage-first heap   total 439296K, used 172881K [0x0000000080000000, 0x0000000100000000)
  region size 1024K, 14 young (14336K), 14 survivors (14336K)
 Metaspace       used 101795K, capacity 104534K, committed 105636K, reserved 1140736K
  class space    used 13015K, capacity 14002K, committed 14464K, reserved 1048576K
}
Event: 23.978 GC heap before
{Heap before GC invocations=50 (full 0):
 garbage-first heap   total 439296K, used 368465K [0x0000000080000000, 0x0000000100000000)
  region size 1024K, 206 young (210944K), 14 survivors (14336K)
 Metaspace       used 101817K, capacity 104634K, committed 105764K, reserved 1140736K
  class space    used 13017K, capacity 14035K, committed 14592K, reserved 1048576K
}

