# JRE version: OpenJDK Runtime Environment (11.0.15) (build 11.0.15+0-b2043.56-8887301)
# Java VM: OpenJDK 64-Bit Server VM (11.0.15+0-b2043.56-8887301, mixed mode, tiered, compressed oops, g1 gc, windows-amd64)
Heap:
 garbage-first heap   total 645120K, used 229376K [0x0000000080000000, 0x0000000100000000)
  region size 1024K, 11 young (11264K), 11 survivors (11264K)
 Metaspace       used 112026K, capacity 114874K, committed 115108K, reserved 1148928K
  class space    used 14083K, capacity 15166K, committed 15232K, reserved 1048576K
GC Heap History (20 events):
Event: 19.976 GC heap after
{Heap after GC invocations=46 (full 0):
 garbage-first heap   total 324608K, used 133263K [0x0000000080000000, 0x0000000100000000)
  region size 1024K, 11 young (11264K), 11 survivors (11264K)
 Metaspace       used 99299K, capacity 101738K, committed 101796K, reserved 1138688K
  class space    used 12728K, capacity 13653K, committed 13696K, reserved 1048576K
}
Event: 20.446 GC heap before
{Heap before GC invocations=46 (full 0):
 garbage-first heap   total 324608K, used 276623K [0x0000000080000000, 0x0000000100000000)
  region size 1024K, 151 young (154624K), 11 survivors (11264K)
 Metaspace       used 100675K, capacity 103272K, committed 103588K, reserved 1138688K
  class space    used 12906K, capacity 13880K, committed 13952K, reserved 1048576K
}
Event: 20.460 GC heap after
{Heap after GC invocations=47 (full 0):
 garbage-first heap   total 403456K, used 136795K [0x0000000080000000, 0x0000000100000000)
  region size 1024K, 13 young (13312K), 13 survivors (13312K)
 Metaspace       used 100675K, capacity 103272K, committed 103588K, reserved 1138688K
  class space    used 12906K, capacity 13880K, committed 13952K, reserved 1048576K
}
Event: 20.907 GC heap before
{Heap before GC invocations=47 (full 0):
 garbage-first heap   total 403456K, used 306779K [0x0000000080000000, 0x0000000100000000)
  region size 1024K, 179 young (183296K), 13 survivors (13312K)
 Metaspace       used 100767K, capacity 103342K, committed 103588K, reserved 1138688K
  class space    used 12923K, capacity 13902K, committed 13952K, reserved 1048576K
}
Event: 20.921 GC heap after
{Heap after GC invocations=48 (full 0):
 garbage-first heap   total 403456K, used 138363K [0x0000000080000000, 0x0000000100000000)
  region size 1024K, 14 young (14336K), 14 survivors (14336K)
 Metaspace       used 100767K, capacity 103342K, committed 103588K, reserved 1138688K
  class space    used 12923K, capacity 13902K, committed 13952K, reserved 1048576K
}
Event: 21.402 GC heap before
{Heap before GC invocations=48 (full 0):
 garbage-first heap   total 403456K, used 338043K [0x0000000080000000, 0x0000000100000000)
  region size 1024K, 209 young (214016K), 14 survivors (14336K)
 Metaspace       used 100771K, capacity 103342K, committed 103588K, reserved 1138688K
  class space    used 12923K, capacity 13902K, committed 13952K, reserved 1048576K
}
Event: 21.417 GC heap after
{Heap after GC invocations=49 (full 0):
 garbage-first heap   total 403456K, used 140021K [0x0000000080000000, 0x0000000100000000)
  region size 1024K, 16 young (16384K), 16 survivors (16384K)
 Metaspace       used 100771K, capacity 103342K, committed 103588K, reserved 1138688K
  class space    used 12923K, capacity 13902K, committed 13952K, reserved 1048576K
}
Event: 21.887 GC heap before
{Heap before GC invocations=49 (full 0):
 garbage-first heap   total 403456K, used 343797K [0x0000000080000000, 0x0000000100000000)
  region size 1024K, 215 young (220160K), 16 survivors (16384K)
 Metaspace       used 100797K, capacity 103359K, committed 103588K, reserved 1138688K
  class space    used 12927K, capacity 13908K, committed 13952K, reserved 1048576K
}
Event: 21.903 GC heap after
{Heap after GC invocations=50 (full 0):
 garbage-first heap   total 403456K, used 142371K [0x0000000080000000, 0x0000000100000000)
  region size 1024K, 17 young (17408K), 17 survivors (17408K)
 Metaspace       used 100797K, capacity 103359K, committed 103588K, reserved 1138688K
  class space    used 12927K, capacity 13908K, committed 13952K, reserved 1048576K
}
Event: 22.338 GC heap before
{Heap before GC invocations=50 (full 0):
 garbage-first heap   total 403456K, used 344099K [0x0000000080000000, 0x0000000100000000)
  region size 1024K, 214 young (219136K), 17 survivors (17408K)
 Metaspace       used 100801K, capacity 103359K, committed 103588K, reserved 1138688K
  class space    used 12927K, capacity 13908K, committed 13952K, reserved 1048576K
}
Event: 22.358 GC heap after
{Heap after GC invocations=51 (full 0):
 garbage-first heap   total 495616K, used 144990K [0x0000000080000000, 0x0000000100000000)
  region size 1024K, 16 young (16384K), 16 survivors (16384K)
 Metaspace       used 100801K, capacity 103359K, committed 103588K, reserved 1138688K
  class space    used 12927K, capacity 13908K, committed 13952K, reserved 1048576K
}
Event: 23.211 GC heap before
{Heap before GC invocations=51 (full 0):
 garbage-first heap   total 495616K, used 417374K [0x0000000080000000, 0x0000000100000000)
  region size 1024K, 280 young (286720K), 16 survivors (16384K)
 Metaspace       used 101076K, capacity 103638K, committed 103844K, reserved 1138688K
  class space    used 12930K, capacity 13913K, committed 13952K, reserved 1048576K
}
Event: 23.234 GC heap after
{Heap after GC invocations=52 (full 0):
 garbage-first heap   total 495616K, used 158542K [0x0000000080000000, 0x0000000100000000)
  region size 1024K, 27 young (27648K), 27 survivors (27648K)
 Metaspace       used 101076K, capacity 103638K, committed 103844K, reserved 1138688K
  class space    used 12930K, capacity 13913K, committed 13952K, reserved 1048576K
}
Event: 24.316 GC heap before
{Heap before GC invocations=52 (full 0):
 garbage-first heap   total 495616K, used 417614K [0x0000000080000000, 0x0000000100000000)
  region size 1024K, 280 young (286720K), 27 survivors (27648K)
 Metaspace       used 101096K, capacity 103704K, committed 103844K, reserved 1138688K
  class space    used 12931K, capacity 13914K, committed 13952K, reserved 1048576K
}
Event: 24.340 GC heap after
{Heap after GC invocations=53 (full 0):
 garbage-first heap   total 495616K, used 152294K [0x0000000080000000, 0x0000000100000000)
  region size 1024K, 16 young (16384K), 16 survivors (16384K)
 Metaspace       used 101096K, capacity 103704K, committed 103844K, reserved 1138688K
  class space    used 12931K, capacity 13914K, committed 13952K, reserved 1048576K
}
Event: 25.420 GC heap before
{Heap before GC invocations=53 (full 0):
 garbage-first heap   total 495616K, used 423654K [0x0000000080000000, 0x0000000100000000)
  region size 1024K, 281 young (287744K), 16 survivors (16384K)
 Metaspace       used 101115K, capacity 103708K, committed 103844K, reserved 1138688K
  class space    used 12932K, capacity 13914K, committed 13952K, reserved 1048576K
}
Event: 25.437 GC heap after
{Heap after GC invocations=54 (full 0):
 garbage-first heap   total 495616K, used 156705K [0x0000000080000000, 0x0000000100000000)
  region size 1024K, 20 young (20480K), 20 survivors (20480K)
 Metaspace       used 101115K, capacity 103708K, committed 103844K, reserved 1138688K
  class space    used 12932K, capacity 13914K, committed 13952K, reserved 1048576K
}
Event: 27.483 GC heap before
{Heap before GC invocations=54 (full 0):
 garbage-first heap   total 495616K, used 455713K [0x0000000080000000, 0x0000000100000000)
  region size 1024K, 281 young (287744K), 20 survivors (20480K)
 Metaspace       used 107303K, capacity 110116K, committed 110372K, reserved 1144832K
  class space    used 13725K, capacity 14774K, committed 14848K, reserved 1048576K
}
Event: 27.572 GC heap after
{Heap after GC invocations=55 (full 0):
 garbage-first heap   total 526336K, used 217971K [0x0000000080000000, 0x0000000100000000)
  region size 1024K, 36 young (36864K), 36 survivors (36864K)
 Metaspace       used 107303K, capacity 110116K, committed 110372K, reserved 1144832K
  class space    used 13725K, capacity 14774K, committed 14848K, reserved 1048576K
}
Event: 37.520 GC heap before
{Heap before GC invocations=55 (full 0):
 garbage-first heap   total 526336K, used 423795K [0x0000000080000000, 0x0000000100000000)
  region size 1024K, 226 young (231424K), 36 survivors (36864K)
 Metaspace       used 112026K, capacity 114874K, committed 115108K, reserved 1148928K
  class space    used 14083K, capacity 15166K, committed 15232K, reserved 1048576K
}

