# JRE version: OpenJDK Runtime Environment (11.0.15) (build 11.0.15+0-b2043.56-8887301)
# Java VM: OpenJDK 64-Bit Server VM (11.0.15+0-b2043.56-8887301, mixed mode, tiered, compressed oops, g1 gc, windows-amd64)
Heap:
 garbage-first heap   total 518144K, used 246697K [0x0000000080000000, 0x0000000100000000)
  region size 1024K, 8 young (8192K), 8 survivors (8192K)
 Metaspace       used 158434K, capacity 163679K, committed 163804K, reserved 1191936K
  class space    used 19562K, capacity 21469K, committed 21568K, reserved 1048576K
GC Heap History (20 events):
Event: 4543.189 GC heap after
{Heap after GC invocations=162 (full 0):
 garbage-first heap   total 352256K, used 219919K [0x0000000080000000, 0x0000000100000000)
  region size 1024K, 2 young (2048K), 2 survivors (2048K)
 Metaspace       used 157093K, capacity 162211K, committed 162396K, reserved 1189888K
  class space    used 19471K, capacity 21337K, committed 21440K, reserved 1048576K
}
Event: 4543.492 GC heap before
{Heap before GC invocations=162 (full 0):
 garbage-first heap   total 352256K, used 281359K [0x0000000080000000, 0x0000000100000000)
  region size 1024K, 63 young (64512K), 2 survivors (2048K)
 Metaspace       used 157126K, capacity 162222K, committed 162396K, reserved 1189888K
  class space    used 19472K, capacity 21338K, committed 21440K, reserved 1048576K
}
Event: 4543.499 GC heap after
{Heap after GC invocations=163 (full 0):
 garbage-first heap   total 352256K, used 220072K [0x0000000080000000, 0x0000000100000000)
  region size 1024K, 2 young (2048K), 2 survivors (2048K)
 Metaspace       used 157126K, capacity 162222K, committed 162396K, reserved 1189888K
  class space    used 19472K, capacity 21338K, committed 21440K, reserved 1048576K
}
Event: 4544.047 GC heap before
{Heap before GC invocations=164 (full 0):
 garbage-first heap   total 352256K, used 285608K [0x0000000080000000, 0x0000000100000000)
  region size 1024K, 67 young (68608K), 2 survivors (2048K)
 Metaspace       used 157473K, capacity 162632K, committed 162908K, reserved 1191936K
  class space    used 19510K, capacity 21386K, committed 21440K, reserved 1048576K
}
Event: 4544.067 GC heap after
{Heap after GC invocations=165 (full 0):
 garbage-first heap   total 352256K, used 226289K [0x0000000080000000, 0x0000000100000000)
  region size 1024K, 8 young (8192K), 8 survivors (8192K)
 Metaspace       used 157473K, capacity 162632K, committed 162908K, reserved 1191936K
  class space    used 19510K, capacity 21386K, committed 21440K, reserved 1048576K
}
Event: 4544.110 GC heap before
{Heap before GC invocations=165 (full 0):
 garbage-first heap   total 352256K, used 235505K [0x0000000080000000, 0x0000000100000000)
  region size 1024K, 17 young (17408K), 8 survivors (8192K)
 Metaspace       used 157473K, capacity 162632K, committed 162908K, reserved 1191936K
  class space    used 19510K, capacity 21386K, committed 21440K, reserved 1048576K
}
Event: 4544.126 GC heap after
{Heap after GC invocations=166 (full 0):
 garbage-first heap   total 352256K, used 224683K [0x0000000080000000, 0x0000000100000000)
  region size 1024K, 2 young (2048K), 2 survivors (2048K)
 Metaspace       used 157473K, capacity 162632K, committed 162908K, reserved 1191936K
  class space    used 19510K, capacity 21386K, committed 21440K, reserved 1048576K
}
Event: 4544.396 GC heap before
{Heap before GC invocations=166 (full 0):
 garbage-first heap   total 352256K, used 289195K [0x0000000080000000, 0x0000000100000000)
  region size 1024K, 65 young (66560K), 2 survivors (2048K)
 Metaspace       used 157626K, capacity 162843K, committed 162908K, reserved 1191936K
  class space    used 19534K, capacity 21435K, committed 21440K, reserved 1048576K
}
Event: 4544.409 GC heap after
{Heap after GC invocations=167 (full 0):
 garbage-first heap   total 352256K, used 226947K [0x0000000080000000, 0x0000000100000000)
  region size 1024K, 4 young (4096K), 4 survivors (4096K)
 Metaspace       used 157626K, capacity 162843K, committed 162908K, reserved 1191936K
  class space    used 19534K, capacity 21435K, committed 21440K, reserved 1048576K
}
Event: 4544.874 GC heap before
{Heap before GC invocations=168 (full 0):
 garbage-first heap   total 352256K, used 292483K [0x0000000080000000, 0x0000000100000000)
  region size 1024K, 68 young (69632K), 4 survivors (4096K)
 Metaspace       used 157767K, capacity 163038K, committed 163292K, reserved 1191936K
  class space    used 19548K, capacity 21456K, committed 21568K, reserved 1048576K
}
Event: 4544.888 GC heap after
{Heap after GC invocations=169 (full 0):
 garbage-first heap   total 448512K, used 227830K [0x0000000080000000, 0x0000000100000000)
  region size 1024K, 5 young (5120K), 5 survivors (5120K)
 Metaspace       used 157767K, capacity 163038K, committed 163292K, reserved 1191936K
  class space    used 19548K, capacity 21456K, committed 21568K, reserved 1048576K
}
Event: 4544.936 GC heap before
{Heap before GC invocations=169 (full 0):
 garbage-first heap   total 448512K, used 243190K [0x0000000080000000, 0x0000000100000000)
  region size 1024K, 21 young (21504K), 5 survivors (5120K)
 Metaspace       used 157806K, capacity 163040K, committed 163292K, reserved 1191936K
  class space    used 19548K, capacity 21456K, committed 21568K, reserved 1048576K
}
Event: 4544.943 GC heap after
{Heap after GC invocations=170 (full 0):
 garbage-first heap   total 448512K, used 229763K [0x0000000080000000, 0x0000000100000000)
  region size 1024K, 3 young (3072K), 3 survivors (3072K)
 Metaspace       used 157806K, capacity 163040K, committed 163292K, reserved 1191936K
  class space    used 19548K, capacity 21456K, committed 21568K, reserved 1048576K
}
Event: 4545.217 GC heap before
{Heap before GC invocations=170 (full 0):
 garbage-first heap   total 448512K, used 338307K [0x0000000080000000, 0x0000000100000000)
  region size 1024K, 110 young (112640K), 3 survivors (3072K)
 Metaspace       used 157983K, capacity 163254K, committed 163548K, reserved 1191936K
  class space    used 19554K, capacity 21462K, committed 21568K, reserved 1048576K
}
Event: 4545.242 GC heap after
{Heap after GC invocations=171 (full 0):
 garbage-first heap   total 448512K, used 238872K [0x0000000080000000, 0x0000000100000000)
  region size 1024K, 12 young (12288K), 12 survivors (12288K)
 Metaspace       used 157983K, capacity 163254K, committed 163548K, reserved 1191936K
  class space    used 19554K, capacity 21462K, committed 21568K, reserved 1048576K
}
Event: 4545.655 GC heap before
{Heap before GC invocations=172 (full 0):
 garbage-first heap   total 448512K, used 349464K [0x0000000080000000, 0x0000000100000000)
  region size 1024K, 121 young (123904K), 12 survivors (12288K)
 Metaspace       used 158297K, capacity 163544K, committed 163804K, reserved 1191936K
  class space    used 19557K, capacity 21469K, committed 21568K, reserved 1048576K
}
Event: 4545.666 GC heap after
{Heap after GC invocations=173 (full 0):
 garbage-first heap   total 448512K, used 241642K [0x0000000080000000, 0x0000000100000000)
  region size 1024K, 7 young (7168K), 7 survivors (7168K)
 Metaspace       used 158297K, capacity 163544K, committed 163804K, reserved 1191936K
  class space    used 19557K, capacity 21469K, committed 21568K, reserved 1048576K
}
Event: 4545.695 GC heap before
{Heap before GC invocations=173 (full 0):
 garbage-first heap   total 448512K, used 255978K [0x0000000080000000, 0x0000000100000000)
  region size 1024K, 21 young (21504K), 7 survivors (7168K)
 Metaspace       used 158309K, capacity 163546K, committed 163804K, reserved 1191936K
  class space    used 19557K, capacity 21469K, committed 21568K, reserved 1048576K
}
Event: 4545.704 GC heap after
{Heap after GC invocations=174 (full 0):
 garbage-first heap   total 448512K, used 241315K [0x0000000080000000, 0x0000000100000000)
  region size 1024K, 2 young (2048K), 2 survivors (2048K)
 Metaspace       used 158309K, capacity 163546K, committed 163804K, reserved 1191936K
  class space    used 19557K, capacity 21469K, committed 21568K, reserved 1048576K
}
Event: 4545.924 GC heap before
{Heap before GC invocations=174 (full 0):
 garbage-first heap   total 448512K, used 360099K [0x0000000080000000, 0x0000000100000000)
  region size 1024K, 118 young (120832K), 2 survivors (2048K)
 Metaspace       used 158434K, capacity 163679K, committed 163804K, reserved 1191936K
  class space    used 19562K, capacity 21469K, committed 21568K, reserved 1048576K
}

