# JRE version: OpenJDK Runtime Environment (11.0.15) (build 11.0.15+0-b2043.56-8887301)
# Java VM: OpenJDK 64-Bit Server VM (11.0.15+0-b2043.56-8887301, mixed mode, tiered, compressed oops, g1 gc, windows-amd64)
Heap:
 garbage-first heap   total 660480K, used 175984K [0x0000000080000000, 0x0000000100000000)
  region size 1024K, 15 young (15360K), 15 survivors (15360K)
 Metaspace       used 100985K, capacity 103522K, committed 104148K, reserved 1138688K
  class space    used 12904K, capacity 13824K, committed 14156K, reserved 1048576K
GC Heap History (20 events):
Event: 20.579 GC heap after
{Heap after GC invocations=46 (full 0):
 garbage-first heap   total 378880K, used 153775K [0x0000000080000000, 0x0000000100000000)
  region size 1024K, 5 young (5120K), 5 survivors (5120K)
 Metaspace       used 100566K, capacity 103054K, committed 103892K, reserved 1138688K
  class space    used 12888K, capacity 13803K, committed 14156K, reserved 1048576K
}
Event: 20.809 GC heap before
{Heap before GC invocations=46 (full 0):
 garbage-first heap   total 378880K, used 284847K [0x0000000080000000, 0x0000000100000000)
  region size 1024K, 133 young (136192K), 5 survivors (5120K)
 Metaspace       used 100652K, capacity 103212K, committed 103892K, reserved 1138688K
  class space    used 12893K, capacity 13810K, committed 14156K, reserved 1048576K
}
Event: 20.817 GC heap after
{Heap after GC invocations=47 (full 0):
 garbage-first heap   total 378880K, used 155474K [0x0000000080000000, 0x0000000100000000)
  region size 1024K, 6 young (6144K), 6 survivors (6144K)
 Metaspace       used 100652K, capacity 103212K, committed 103892K, reserved 1138688K
  class space    used 12893K, capacity 13810K, committed 14156K, reserved 1048576K
}
Event: 21.126 GC heap before
{Heap before GC invocations=47 (full 0):
 garbage-first heap   total 378880K, used 320338K [0x0000000080000000, 0x0000000100000000)
  region size 1024K, 167 young (171008K), 6 survivors (6144K)
 Metaspace       used 100772K, capacity 103286K, committed 104148K, reserved 1138688K
  class space    used 12895K, capacity 13811K, committed 14156K, reserved 1048576K
}
Event: 21.135 GC heap after
{Heap after GC invocations=48 (full 0):
 garbage-first heap   total 378880K, used 157057K [0x0000000080000000, 0x0000000100000000)
  region size 1024K, 8 young (8192K), 8 survivors (8192K)
 Metaspace       used 100772K, capacity 103286K, committed 104148K, reserved 1138688K
  class space    used 12895K, capacity 13811K, committed 14156K, reserved 1048576K
}
Event: 21.392 GC heap before
{Heap before GC invocations=48 (full 0):
 garbage-first heap   total 378880K, used 320897K [0x0000000080000000, 0x0000000100000000)
  region size 1024K, 168 young (172032K), 8 survivors (8192K)
 Metaspace       used 100811K, capacity 103351K, committed 104148K, reserved 1138688K
  class space    used 12895K, capacity 13811K, committed 14156K, reserved 1048576K
}
Event: 21.405 GC heap after
{Heap after GC invocations=49 (full 0):
 garbage-first heap   total 378880K, used 158886K [0x0000000080000000, 0x0000000100000000)
  region size 1024K, 10 young (10240K), 10 survivors (10240K)
 Metaspace       used 100811K, capacity 103351K, committed 104148K, reserved 1138688K
  class space    used 12895K, capacity 13811K, committed 14156K, reserved 1048576K
}
Event: 21.665 GC heap before
{Heap before GC invocations=49 (full 0):
 garbage-first heap   total 378880K, used 322726K [0x0000000080000000, 0x0000000100000000)
  region size 1024K, 170 young (174080K), 10 survivors (10240K)
 Metaspace       used 100844K, capacity 103363K, committed 104148K, reserved 1138688K
  class space    used 12897K, capacity 13815K, committed 14156K, reserved 1048576K
}
Event: 21.677 GC heap after
{Heap after GC invocations=50 (full 0):
 garbage-first heap   total 378880K, used 161598K [0x0000000080000000, 0x0000000100000000)
  region size 1024K, 12 young (12288K), 12 survivors (12288K)
 Metaspace       used 100844K, capacity 103363K, committed 104148K, reserved 1138688K
  class space    used 12897K, capacity 13815K, committed 14156K, reserved 1048576K
}
Event: 21.943 GC heap before
{Heap before GC invocations=50 (full 0):
 garbage-first heap   total 378880K, used 326462K [0x0000000080000000, 0x0000000100000000)
  region size 1024K, 173 young (177152K), 12 survivors (12288K)
 Metaspace       used 100897K, capacity 103446K, committed 104148K, reserved 1138688K
  class space    used 12902K, capacity 13820K, committed 14156K, reserved 1048576K
}
Event: 21.960 GC heap after
{Heap after GC invocations=51 (full 0):
 garbage-first heap   total 378880K, used 162816K [0x0000000080000000, 0x0000000100000000)
  region size 1024K, 13 young (13312K), 13 survivors (13312K)
 Metaspace       used 100897K, capacity 103446K, committed 104148K, reserved 1138688K
  class space    used 12902K, capacity 13820K, committed 14156K, reserved 1048576K
}
Event: 22.231 GC heap before
{Heap before GC invocations=51 (full 0):
 garbage-first heap   total 378880K, used 327680K [0x0000000080000000, 0x0000000100000000)
  region size 1024K, 174 young (178176K), 13 survivors (13312K)
 Metaspace       used 100933K, capacity 103446K, committed 104148K, reserved 1138688K
  class space    used 12902K, capacity 13820K, committed 14156K, reserved 1048576K
}
Event: 22.253 GC heap after
{Heap after GC invocations=52 (full 0):
 garbage-first heap   total 448512K, used 165544K [0x0000000080000000, 0x0000000100000000)
  region size 1024K, 15 young (15360K), 15 survivors (15360K)
 Metaspace       used 100933K, capacity 103446K, committed 104148K, reserved 1138688K
  class space    used 12902K, capacity 13820K, committed 14156K, reserved 1048576K
}
Event: 22.561 GC heap before
{Heap before GC invocations=52 (full 0):
 garbage-first heap   total 448512K, used 359080K [0x0000000080000000, 0x0000000100000000)
  region size 1024K, 204 young (208896K), 15 survivors (15360K)
 Metaspace       used 100950K, capacity 103447K, committed 104148K, reserved 1138688K
  class space    used 12902K, capacity 13820K, committed 14156K, reserved 1048576K
}
Event: 22.577 GC heap after
{Heap after GC invocations=53 (full 0):
 garbage-first heap   total 448512K, used 167461K [0x0000000080000000, 0x0000000100000000)
  region size 1024K, 16 young (16384K), 16 survivors (16384K)
 Metaspace       used 100950K, capacity 103447K, committed 104148K, reserved 1138688K
  class space    used 12902K, capacity 13820K, committed 14156K, reserved 1048576K
}
Event: 22.956 GC heap before
{Heap before GC invocations=53 (full 0):
 garbage-first heap   total 448512K, used 386597K [0x0000000080000000, 0x0000000100000000)
  region size 1024K, 230 young (235520K), 16 survivors (16384K)
 Metaspace       used 100965K, capacity 103458K, committed 104148K, reserved 1138688K
  class space    used 12904K, capacity 13824K, committed 14156K, reserved 1048576K
}
Event: 22.977 GC heap after
{Heap after GC invocations=54 (full 0):
 garbage-first heap   total 448512K, used 171924K [0x0000000080000000, 0x0000000100000000)
  region size 1024K, 20 young (20480K), 20 survivors (20480K)
 Metaspace       used 100965K, capacity 103458K, committed 104148K, reserved 1138688K
  class space    used 12904K, capacity 13824K, committed 14156K, reserved 1048576K
}
Event: 23.404 GC heap before
{Heap before GC invocations=54 (full 0):
 garbage-first heap   total 448512K, used 382868K [0x0000000080000000, 0x0000000100000000)
  region size 1024K, 226 young (231424K), 20 survivors (20480K)
 Metaspace       used 100977K, capacity 103522K, committed 104148K, reserved 1138688K
  class space    used 12904K, capacity 13824K, committed 14156K, reserved 1048576K
}
Event: 23.459 GC heap after
{Heap after GC invocations=55 (full 0):
 garbage-first heap   total 448512K, used 175024K [0x0000000080000000, 0x0000000100000000)
  region size 1024K, 18 young (18432K), 18 survivors (18432K)
 Metaspace       used 100977K, capacity 103522K, committed 104148K, reserved 1138688K
  class space    used 12904K, capacity 13824K, committed 14156K, reserved 1048576K
}
Event: 23.913 GC heap before
{Heap before GC invocations=55 (full 0):
 garbage-first heap   total 448512K, used 383920K [0x0000000080000000, 0x0000000100000000)
  region size 1024K, 222 young (227328K), 18 survivors (18432K)
 Metaspace       used 100985K, capacity 103522K, committed 104148K, reserved 1138688K
  class space    used 12904K, capacity 13824K, committed 14156K, reserved 1048576K
}

