# JRE version: OpenJDK Runtime Environment (11.0.15) (build 11.0.15+0-b2043.56-8887301)
# Java VM: OpenJDK 64-Bit Server VM (11.0.15+0-b2043.56-8887301, mixed mode, tiered, compressed oops, g1 gc, windows-amd64)
Heap:
 garbage-first heap   total 709632K, used 271731K [0x0000000080000000, 0x0000000100000000)
  region size 1024K, 9 young (9216K), 9 survivors (9216K)
 Metaspace       used 146887K, capacity 150855K, committed 152072K, reserved 1181696K
  class space    used 17750K, capacity 19177K, committed 19660K, reserved 1048576K
GC Heap History (20 events):
Event: 917.992 GC heap after
{Heap after GC invocations=167 (full 0):
 garbage-first heap   total 458752K, used 258418K [0x0000000080000000, 0x0000000100000000)
  region size 1024K, 2 young (2048K), 2 survivors (2048K)
 Metaspace       used 146378K, capacity 150306K, committed 151560K, reserved 1181696K
  class space    used 17741K, capacity 19172K, committed 19660K, reserved 1048576K
}
Event: 918.149 GC heap before
{Heap before GC invocations=167 (full 0):
 garbage-first heap   total 458752K, used 396658K [0x0000000080000000, 0x0000000100000000)
  region size 1024K, 138 young (141312K), 2 survivors (2048K)
 Metaspace       used 146484K, capacity 150442K, committed 151560K, reserved 1181696K
  class space    used 17741K, capacity 19172K, committed 19660K, reserved 1048576K
}
Event: 918.155 GC heap after
{Heap after GC invocations=168 (full 0):
 garbage-first heap   total 458752K, used 259399K [0x0000000080000000, 0x0000000100000000)
  region size 1024K, 3 young (3072K), 3 survivors (3072K)
 Metaspace       used 146484K, capacity 150442K, committed 151560K, reserved 1181696K
  class space    used 17741K, capacity 19172K, committed 19660K, reserved 1048576K
}
Event: 918.410 GC heap before
{Heap before GC invocations=168 (full 0):
 garbage-first heap   total 458752K, used 399687K [0x0000000080000000, 0x0000000100000000)
  region size 1024K, 140 young (143360K), 3 survivors (3072K)
 Metaspace       used 146531K, capacity 150450K, committed 151560K, reserved 1181696K
  class space    used 17741K, capacity 19172K, committed 19660K, reserved 1048576K
}
Event: 918.416 GC heap after
{Heap after GC invocations=169 (full 0):
 garbage-first heap   total 458752K, used 260440K [0x0000000080000000, 0x0000000100000000)
  region size 1024K, 4 young (4096K), 4 survivors (4096K)
 Metaspace       used 146531K, capacity 150450K, committed 151560K, reserved 1181696K
  class space    used 17741K, capacity 19172K, committed 19660K, reserved 1048576K
}
Event: 918.621 GC heap before
{Heap before GC invocations=170 (full 0):
 garbage-first heap   total 458752K, used 400728K [0x0000000080000000, 0x0000000100000000)
  region size 1024K, 141 young (144384K), 4 survivors (4096K)
 Metaspace       used 146575K, capacity 150516K, committed 151816K, reserved 1181696K
  class space    used 17741K, capacity 19172K, committed 19660K, reserved 1048576K
}
Event: 918.627 GC heap after
{Heap after GC invocations=171 (full 0):
 garbage-first heap   total 458752K, used 261632K [0x0000000080000000, 0x0000000100000000)
  region size 1024K, 5 young (5120K), 5 survivors (5120K)
 Metaspace       used 146575K, capacity 150516K, committed 151816K, reserved 1181696K
  class space    used 17741K, capacity 19172K, committed 19660K, reserved 1048576K
}
Event: 918.644 GC heap before
{Heap before GC invocations=171 (full 0):
 garbage-first heap   total 458752K, used 279040K [0x0000000080000000, 0x0000000100000000)
  region size 1024K, 22 young (22528K), 5 survivors (5120K)
 Metaspace       used 146576K, capacity 150518K, committed 151816K, reserved 1181696K
  class space    used 17742K, capacity 19173K, committed 19660K, reserved 1048576K
}
Event: 918.656 GC heap after
{Heap after GC invocations=172 (full 0):
 garbage-first heap   total 458752K, used 257762K [0x0000000080000000, 0x0000000100000000)
  region size 1024K, 1 young (1024K), 1 survivors (1024K)
 Metaspace       used 146576K, capacity 150518K, committed 151816K, reserved 1181696K
  class space    used 17742K, capacity 19173K, committed 19660K, reserved 1048576K
}
Event: 918.828 GC heap before
{Heap before GC invocations=172 (full 0):
 garbage-first heap   total 458752K, used 400098K [0x0000000080000000, 0x0000000100000000)
  region size 1024K, 141 young (144384K), 1 survivors (1024K)
 Metaspace       used 146657K, capacity 150613K, committed 151816K, reserved 1181696K
  class space    used 17743K, capacity 19175K, committed 19660K, reserved 1048576K
}
Event: 918.834 GC heap after
{Heap after GC invocations=173 (full 0):
 garbage-first heap   total 458752K, used 259010K [0x0000000080000000, 0x0000000100000000)
  region size 1024K, 3 young (3072K), 3 survivors (3072K)
 Metaspace       used 146657K, capacity 150613K, committed 151816K, reserved 1181696K
  class space    used 17743K, capacity 19175K, committed 19660K, reserved 1048576K
}
Event: 919.146 GC heap before
{Heap before GC invocations=173 (full 0):
 garbage-first heap   total 458752K, used 400322K [0x0000000080000000, 0x0000000100000000)
  region size 1024K, 142 young (145408K), 3 survivors (3072K)
 Metaspace       used 146830K, capacity 150785K, committed 151816K, reserved 1181696K
  class space    used 17749K, capacity 19176K, committed 19660K, reserved 1048576K
}
Event: 919.155 GC heap after
{Heap after GC invocations=174 (full 0):
 garbage-first heap   total 538624K, used 264045K [0x0000000080000000, 0x0000000100000000)
  region size 1024K, 8 young (8192K), 8 survivors (8192K)
 Metaspace       used 146830K, capacity 150785K, committed 151816K, reserved 1181696K
  class space    used 17749K, capacity 19176K, committed 19660K, reserved 1048576K
}
Event: 919.802 GC heap before
{Heap before GC invocations=175 (full 0):
 garbage-first heap   total 538624K, used 453485K [0x0000000080000000, 0x0000000100000000)
  region size 1024K, 194 young (198656K), 8 survivors (8192K)
 Metaspace       used 146856K, capacity 150788K, committed 151816K, reserved 1181696K
  class space    used 17750K, capacity 19177K, committed 19660K, reserved 1048576K
}
Event: 919.813 GC heap after
{Heap after GC invocations=176 (full 0):
 garbage-first heap   total 538624K, used 267385K [0x0000000080000000, 0x0000000100000000)
  region size 1024K, 11 young (11264K), 11 survivors (11264K)
 Metaspace       used 146856K, capacity 150788K, committed 151816K, reserved 1181696K
  class space    used 17750K, capacity 19177K, committed 19660K, reserved 1048576K
}
Event: 919.835 GC heap before
{Heap before GC invocations=176 (full 0):
 garbage-first heap   total 538624K, used 282745K [0x0000000080000000, 0x0000000100000000)
  region size 1024K, 26 young (26624K), 11 survivors (11264K)
 Metaspace       used 146860K, capacity 150789K, committed 151816K, reserved 1181696K
  class space    used 17750K, capacity 19177K, committed 19660K, reserved 1048576K
}
Event: 919.849 GC heap after
{Heap after GC invocations=177 (full 0):
 garbage-first heap   total 538624K, used 265280K [0x0000000080000000, 0x0000000100000000)
  region size 1024K, 2 young (2048K), 2 survivors (2048K)
 Metaspace       used 146860K, capacity 150789K, committed 151816K, reserved 1181696K
  class space    used 17750K, capacity 19177K, committed 19660K, reserved 1048576K
}
Event: 920.068 GC heap before
{Heap before GC invocations=177 (full 0):
 garbage-first heap   total 538624K, used 456768K [0x0000000080000000, 0x0000000100000000)
  region size 1024K, 189 young (193536K), 2 survivors (2048K)
 Metaspace       used 146877K, capacity 150853K, committed 152072K, reserved 1181696K
  class space    used 17750K, capacity 19177K, committed 19660K, reserved 1048576K
}
Event: 920.104 GC heap after
{Heap after GC invocations=178 (full 0):
 garbage-first heap   total 538624K, used 271108K [0x0000000080000000, 0x0000000100000000)
  region size 1024K, 8 young (8192K), 8 survivors (8192K)
 Metaspace       used 146877K, capacity 150853K, committed 152072K, reserved 1181696K
  class space    used 17750K, capacity 19177K, committed 19660K, reserved 1048576K
}
Event: 920.776 GC heap before
{Heap before GC invocations=179 (full 0):
 garbage-first heap   total 538624K, used 458500K [0x0000000080000000, 0x0000000100000000)
  region size 1024K, 191 young (195584K), 8 survivors (8192K)
 Metaspace       used 146887K, capacity 150855K, committed 152072K, reserved 1181696K
  class space    used 17750K, capacity 19177K, committed 19660K, reserved 1048576K
}

