# JRE version: OpenJDK Runtime Environment (11.0.15) (build 11.0.15+0-b2043.56-8887301)
# Java VM: OpenJDK 64-Bit Server VM (11.0.15+0-b2043.56-8887301, mixed mode, tiered, compressed oops, g1 gc, windows-amd64)
Heap:
 garbage-first heap   total 187392K, used 76907K [0x0000000080000000, 0x0000000100000000)
  region size 1024K, 3 young (3072K), 3 survivors (3072K)
 Metaspace       used 48384K, capacity 49634K, committed 49840K, reserved 1093632K
  class space    used 6130K, capacity 6596K, committed 6656K, reserved 1048576K
GC Heap History (20 events):
Event: 61.515 GC heap after
{Heap after GC invocations=21 (full 0):
 garbage-first heap   total 129024K, used 74936K [0x0000000080000000, 0x0000000100000000)
  region size 1024K, 5 young (5120K), 5 survivors (5120K)
 Metaspace       used 48369K, capacity 49634K, committed 49840K, reserved 1093632K
  class space    used 6129K, capacity 6596K, committed 6656K, reserved 1048576K
}
Event: 61.634 GC heap before
{Heap before GC invocations=22 (full 0):
 garbage-first heap   total 129024K, used 105656K [0x0000000080000000, 0x0000000100000000)
  region size 1024K, 34 young (34816K), 5 survivors (5120K)
 Metaspace       used 48374K, capacity 49634K, committed 49840K, reserved 1093632K
  class space    used 6129K, capacity 6596K, committed 6656K, reserved 1048576K
}
Event: 61.639 GC heap after
{Heap after GC invocations=23 (full 0):
 garbage-first heap   total 129024K, used 75444K [0x0000000080000000, 0x0000000100000000)
  region size 1024K, 1 young (1024K), 1 survivors (1024K)
 Metaspace       used 48374K, capacity 49634K, committed 49840K, reserved 1093632K
  class space    used 6129K, capacity 6596K, committed 6656K, reserved 1048576K
}
Event: 61.729 GC heap before
{Heap before GC invocations=23 (full 0):
 garbage-first heap   total 129024K, used 105140K [0x0000000080000000, 0x0000000100000000)
  region size 1024K, 30 young (30720K), 1 survivors (1024K)
 Metaspace       used 48376K, capacity 49634K, committed 49840K, reserved 1093632K
  class space    used 6129K, capacity 6596K, committed 6656K, reserved 1048576K
}
Event: 61.730 GC heap after
{Heap after GC invocations=24 (full 0):
 garbage-first heap   total 129024K, used 75532K [0x0000000080000000, 0x0000000100000000)
  region size 1024K, 1 young (1024K), 1 survivors (1024K)
 Metaspace       used 48376K, capacity 49634K, committed 49840K, reserved 1093632K
  class space    used 6129K, capacity 6596K, committed 6656K, reserved 1048576K
}
Event: 61.879 GC heap before
{Heap before GC invocations=25 (full 0):
 garbage-first heap   total 129024K, used 105228K [0x0000000080000000, 0x0000000100000000)
  region size 1024K, 31 young (31744K), 1 survivors (1024K)
 Metaspace       used 48376K, capacity 49634K, committed 49840K, reserved 1093632K
  class space    used 6129K, capacity 6596K, committed 6656K, reserved 1048576K
}
Event: 61.881 GC heap after
{Heap after GC invocations=26 (full 0):
 garbage-first heap   total 129024K, used 74824K [0x0000000080000000, 0x0000000100000000)
  region size 1024K, 1 young (1024K), 1 survivors (1024K)
 Metaspace       used 48376K, capacity 49634K, committed 49840K, reserved 1093632K
  class space    used 6129K, capacity 6596K, committed 6656K, reserved 1048576K
}
Event: 62.023 GC heap before
{Heap before GC invocations=26 (full 0):
 garbage-first heap   total 129024K, used 106568K [0x0000000080000000, 0x0000000100000000)
  region size 1024K, 32 young (32768K), 1 survivors (1024K)
 Metaspace       used 48376K, capacity 49634K, committed 49840K, reserved 1093632K
  class space    used 6129K, capacity 6596K, committed 6656K, reserved 1048576K
}
Event: 62.025 GC heap after
{Heap after GC invocations=27 (full 0):
 garbage-first heap   total 129024K, used 74958K [0x0000000080000000, 0x0000000100000000)
  region size 1024K, 1 young (1024K), 1 survivors (1024K)
 Metaspace       used 48376K, capacity 49634K, committed 49840K, reserved 1093632K
  class space    used 6129K, capacity 6596K, committed 6656K, reserved 1048576K
}
Event: 62.151 GC heap before
{Heap before GC invocations=28 (full 0):
 garbage-first heap   total 129024K, used 106702K [0x0000000080000000, 0x0000000100000000)
  region size 1024K, 32 young (32768K), 1 survivors (1024K)
 Metaspace       used 48376K, capacity 49634K, committed 49840K, reserved 1093632K
  class space    used 6129K, capacity 6596K, committed 6656K, reserved 1048576K
}
Event: 62.153 GC heap after
{Heap after GC invocations=29 (full 0):
 garbage-first heap   total 129024K, used 75634K [0x0000000080000000, 0x0000000100000000)
  region size 1024K, 2 young (2048K), 2 survivors (2048K)
 Metaspace       used 48376K, capacity 49634K, committed 49840K, reserved 1093632K
  class space    used 6129K, capacity 6596K, committed 6656K, reserved 1048576K
}
Event: 62.274 GC heap before
{Heap before GC invocations=29 (full 0):
 garbage-first heap   total 129024K, used 107378K [0x0000000080000000, 0x0000000100000000)
  region size 1024K, 33 young (33792K), 2 survivors (2048K)
 Metaspace       used 48376K, capacity 49634K, committed 49840K, reserved 1093632K
  class space    used 6129K, capacity 6596K, committed 6656K, reserved 1048576K
}
Event: 62.278 GC heap after
{Heap after GC invocations=30 (full 0):
 garbage-first heap   total 155648K, used 75508K [0x0000000080000000, 0x0000000100000000)
  region size 1024K, 2 young (2048K), 2 survivors (2048K)
 Metaspace       used 48376K, capacity 49634K, committed 49840K, reserved 1093632K
  class space    used 6129K, capacity 6596K, committed 6656K, reserved 1048576K
}
Event: 62.468 GC heap before
{Heap before GC invocations=31 (full 0):
 garbage-first heap   total 155648K, used 117492K [0x0000000080000000, 0x0000000100000000)
  region size 1024K, 43 young (44032K), 2 survivors (2048K)
 Metaspace       used 48382K, capacity 49634K, committed 49840K, reserved 1093632K
  class space    used 6130K, capacity 6596K, committed 6656K, reserved 1048576K
}
Event: 62.469 GC heap after
{Heap after GC invocations=32 (full 0):
 garbage-first heap   total 155648K, used 75866K [0x0000000080000000, 0x0000000100000000)
  region size 1024K, 2 young (2048K), 2 survivors (2048K)
 Metaspace       used 48382K, capacity 49634K, committed 49840K, reserved 1093632K
  class space    used 6130K, capacity 6596K, committed 6656K, reserved 1048576K
}
Event: 62.606 GC heap before
{Heap before GC invocations=32 (full 0):
 garbage-first heap   total 155648K, used 118874K [0x0000000080000000, 0x0000000100000000)
  region size 1024K, 44 young (45056K), 2 survivors (2048K)
 Metaspace       used 48382K, capacity 49634K, committed 49840K, reserved 1093632K
  class space    used 6130K, capacity 6596K, committed 6656K, reserved 1048576K
}
Event: 62.610 GC heap after
{Heap after GC invocations=33 (full 0):
 garbage-first heap   total 155648K, used 76189K [0x0000000080000000, 0x0000000100000000)
  region size 1024K, 3 young (3072K), 3 survivors (3072K)
 Metaspace       used 48382K, capacity 49634K, committed 49840K, reserved 1093632K
  class space    used 6130K, capacity 6596K, committed 6656K, reserved 1048576K
}
Event: 62.798 GC heap before
{Heap before GC invocations=34 (full 0):
 garbage-first heap   total 155648K, used 120221K [0x0000000080000000, 0x0000000100000000)
  region size 1024K, 46 young (47104K), 3 survivors (3072K)
 Metaspace       used 48383K, capacity 49634K, committed 49840K, reserved 1093632K
  class space    used 6130K, capacity 6596K, committed 6656K, reserved 1048576K
}
Event: 62.801 GC heap after
{Heap after GC invocations=35 (full 0):
 garbage-first heap   total 155648K, used 76619K [0x0000000080000000, 0x0000000100000000)
  region size 1024K, 3 young (3072K), 3 survivors (3072K)
 Metaspace       used 48383K, capacity 49634K, committed 49840K, reserved 1093632K
  class space    used 6130K, capacity 6596K, committed 6656K, reserved 1048576K
}
Event: 62.970 GC heap before
{Heap before GC invocations=35 (full 0):
 garbage-first heap   total 155648K, used 122699K [0x0000000080000000, 0x0000000100000000)
  region size 1024K, 48 young (49152K), 3 survivors (3072K)
 Metaspace       used 48384K, capacity 49634K, committed 49840K, reserved 1093632K
  class space    used 6130K, capacity 6596K, committed 6656K, reserved 1048576K
}

