# JRE version: OpenJDK Runtime Environment (11.0.15) (build 11.0.15+0-b2043.56-8887301)
# Java VM: OpenJDK 64-Bit Server VM (11.0.15+0-b2043.56-8887301, mixed mode, tiered, compressed oops, g1 gc, windows-amd64)
Heap:
 garbage-first heap   total 573440K, used 309712K [0x0000000080000000, 0x0000000100000000)
  region size 1024K, 117 young (119808K), 12 survivors (12288K)
 Metaspace       used 111884K, capacity 115944K, committed 115996K, reserved 1148928K
  class space    used 14530K, capacity 16212K, committed 16256K, reserved 1048576K
GC Heap History (20 events):
Event: 40.123 GC heap before
{Heap before GC invocations=47 (full 0):
 garbage-first heap   total 225280K, used 173518K [0x0000000080000000, 0x0000000100000000)
  region size 1024K, 71 young (72704K), 1 survivors (1024K)
 Metaspace       used 98694K, capacity 101090K, committed 101404K, reserved 1138688K
  class space    used 12212K, capacity 13058K, committed 13184K, reserved 1048576K
}
Event: 40.134 GC heap after
{Heap after GC invocations=48 (full 0):
 garbage-first heap   total 225280K, used 110476K [0x0000000080000000, 0x0000000100000000)
  region size 1024K, 9 young (9216K), 9 survivors (9216K)
 Metaspace       used 98694K, capacity 101090K, committed 101404K, reserved 1138688K
  class space    used 12212K, capacity 13058K, committed 13184K, reserved 1048576K
}
Event: 40.533 GC heap before
{Heap before GC invocations=49 (full 0):
 garbage-first heap   total 225280K, used 177036K [0x0000000080000000, 0x0000000100000000)
  region size 1024K, 75 young (76800K), 9 survivors (9216K)
 Metaspace       used 100976K, capacity 103566K, committed 103836K, reserved 1140736K
  class space    used 12578K, capacity 13525K, committed 13568K, reserved 1048576K
}
Event: 40.552 GC heap after
{Heap after GC invocations=50 (full 0):
 garbage-first heap   total 270336K, used 124729K [0x0000000080000000, 0x0000000100000000)
  region size 1024K, 10 young (10240K), 10 survivors (10240K)
 Metaspace       used 100976K, capacity 103566K, committed 103836K, reserved 1140736K
  class space    used 12578K, capacity 13525K, committed 13568K, reserved 1048576K
}
Event: 41.150 GC heap before
{Heap before GC invocations=50 (full 0):
 garbage-first heap   total 270336K, used 203577K [0x0000000080000000, 0x0000000100000000)
  region size 1024K, 88 young (90112K), 10 survivors (10240K)
 Metaspace       used 108180K, capacity 111938K, committed 112028K, reserved 1146880K
  class space    used 14067K, capacity 15616K, committed 15616K, reserved 1048576K
}
Event: 41.172 GC heap after
{Heap after GC invocations=51 (full 0):
 garbage-first heap   total 270336K, used 136628K [0x0000000080000000, 0x0000000100000000)
  region size 1024K, 11 young (11264K), 11 survivors (11264K)
 Metaspace       used 108180K, capacity 111938K, committed 112028K, reserved 1146880K
  class space    used 14067K, capacity 15616K, committed 15616K, reserved 1048576K
}
Event: 41.517 GC heap before
{Heap before GC invocations=51 (full 0):
 garbage-first heap   total 270336K, used 209332K [0x0000000080000000, 0x0000000100000000)
  region size 1024K, 83 young (84992K), 11 survivors (11264K)
 Metaspace       used 110070K, capacity 113942K, committed 114204K, reserved 1146880K
  class space    used 14344K, capacity 15961K, committed 16000K, reserved 1048576K
}
Event: 41.533 GC heap after
{Heap after GC invocations=52 (full 0):
 garbage-first heap   total 270336K, used 143355K [0x0000000080000000, 0x0000000100000000)
  region size 1024K, 7 young (7168K), 7 survivors (7168K)
 Metaspace       used 110070K, capacity 113942K, committed 114204K, reserved 1146880K
  class space    used 14344K, capacity 15961K, committed 16000K, reserved 1048576K
}
Event: 41.795 GC heap before
{Heap before GC invocations=52 (full 0):
 garbage-first heap   total 270336K, used 215035K [0x0000000080000000, 0x0000000100000000)
  region size 1024K, 77 young (78848K), 7 survivors (7168K)
 Metaspace       used 110662K, capacity 114707K, committed 114844K, reserved 1148928K
  class space    used 14445K, capacity 16108K, committed 16128K, reserved 1048576K
}
Event: 41.810 GC heap after
{Heap after GC invocations=53 (full 0):
 garbage-first heap   total 270336K, used 150212K [0x0000000080000000, 0x0000000100000000)
  region size 1024K, 7 young (7168K), 7 survivors (7168K)
 Metaspace       used 110662K, capacity 114707K, committed 114844K, reserved 1148928K
  class space    used 14445K, capacity 16108K, committed 16128K, reserved 1048576K
}
Event: 42.052 GC heap before
{Heap before GC invocations=53 (full 0):
 garbage-first heap   total 270336K, used 217796K [0x0000000080000000, 0x0000000100000000)
  region size 1024K, 74 young (75776K), 7 survivors (7168K)
 Metaspace       used 110969K, capacity 115042K, committed 115228K, reserved 1148928K
  class space    used 14461K, capacity 16153K, committed 16256K, reserved 1048576K
}
Event: 42.066 GC heap after
{Heap after GC invocations=54 (full 0):
 garbage-first heap   total 358400K, used 155508K [0x0000000080000000, 0x0000000100000000)
  region size 1024K, 6 young (6144K), 6 survivors (6144K)
 Metaspace       used 110969K, capacity 115042K, committed 115228K, reserved 1148928K
  class space    used 14461K, capacity 16153K, committed 16256K, reserved 1048576K
}
Event: 42.400 GC heap before
{Heap before GC invocations=54 (full 0):
 garbage-first heap   total 358400K, used 254836K [0x0000000080000000, 0x0000000100000000)
  region size 1024K, 104 young (106496K), 6 survivors (6144K)
 Metaspace       used 111273K, capacity 115347K, committed 115484K, reserved 1148928K
  class space    used 14482K, capacity 16165K, committed 16256K, reserved 1048576K
}
Event: 42.414 GC heap after
{Heap after GC invocations=55 (full 0):
 garbage-first heap   total 358400K, used 167365K [0x0000000080000000, 0x0000000100000000)
  region size 1024K, 13 young (13312K), 13 survivors (13312K)
 Metaspace       used 111273K, capacity 115347K, committed 115484K, reserved 1148928K
  class space    used 14482K, capacity 16165K, committed 16256K, reserved 1048576K
}
Event: 42.620 GC heap before
{Heap before GC invocations=55 (full 0):
 garbage-first heap   total 358400K, used 269765K [0x0000000080000000, 0x0000000100000000)
  region size 1024K, 114 young (116736K), 13 survivors (13312K)
 Metaspace       used 111330K, capacity 115354K, committed 115484K, reserved 1148928K
  class space    used 14491K, capacity 16167K, committed 16256K, reserved 1048576K
}
Event: 42.644 GC heap after
{Heap after GC invocations=56 (full 0):
 garbage-first heap   total 358400K, used 180645K [0x0000000080000000, 0x0000000100000000)
  region size 1024K, 15 young (15360K), 15 survivors (15360K)
 Metaspace       used 111330K, capacity 115354K, committed 115484K, reserved 1148928K
  class space    used 14491K, capacity 16167K, committed 16256K, reserved 1048576K
}
Event: 42.871 GC heap before
{Heap before GC invocations=56 (full 0):
 garbage-first heap   total 358400K, used 277925K [0x0000000080000000, 0x0000000100000000)
  region size 1024K, 111 young (113664K), 15 survivors (15360K)
 Metaspace       used 111466K, capacity 115520K, committed 115740K, reserved 1148928K
  class space    used 14505K, capacity 16201K, committed 16256K, reserved 1048576K
}
Event: 42.908 GC heap after
{Heap after GC invocations=57 (full 0):
 garbage-first heap   total 358400K, used 192485K [0x0000000080000000, 0x0000000100000000)
  region size 1024K, 14 young (14336K), 14 survivors (14336K)
 Metaspace       used 111466K, capacity 115520K, committed 115740K, reserved 1148928K
  class space    used 14505K, capacity 16201K, committed 16256K, reserved 1048576K
}
Event: 43.092 GC heap before
{Heap before GC invocations=57 (full 0):
 garbage-first heap   total 358400K, used 284645K [0x0000000080000000, 0x0000000100000000)
  region size 1024K, 104 young (106496K), 14 survivors (14336K)
 Metaspace       used 111626K, capacity 115652K, committed 115740K, reserved 1148928K
  class space    used 14514K, capacity 16201K, committed 16256K, reserved 1048576K
}
Event: 43.126 GC heap after
{Heap after GC invocations=58 (full 0):
 garbage-first heap   total 573440K, used 203216K [0x0000000080000000, 0x0000000100000000)
  region size 1024K, 12 young (12288K), 12 survivors (12288K)
 Metaspace       used 111626K, capacity 115652K, committed 115740K, reserved 1148928K
  class space    used 14514K, capacity 16201K, committed 16256K, reserved 1048576K
}

